New log file opened at Wed Jun 01 15:45:16 KST 2016 by 9613@Seans-MacBook-Pro.local
Sending msg to client activator-ceb38eda-a615-4504-832b-5365b7455e4d: DetachedLogEvent(LogMessage(debug,sbt server socket logs are in: /Users/sean/Documents/works/Scala_TEST/.sbtserver/connections/master.log))
Sending msg to client activator-ceb38eda-a615-4504-832b-5365b7455e4d: DetachedLogEvent(LogMessage(debug,sbt general server logs are in: /Users/sean/Documents/works/Scala_TEST/.sbtserver/master.log))
Sending msg to client activator-ceb38eda-a615-4504-832b-5365b7455e4d: DetachedLogEvent(LogMessage(debug,sbt client logs are in: /Users/sean/Documents/works/Scala_TEST/.sbtserver/connections/activator-ceb38eda-a615-4504-832b-5365b7455e4d.log))
Reading next message from client.
Got request: ListenToEvents()
Reading next message from client.
Sending msg to client activator-ceb38eda-a615-4504-832b-5365b7455e4d: (3,ReceivedResponse())
Sending msg to client activator-ceb38eda-a615-4504-832b-5365b7455e4d: DetachedLogEvent(LogMessage(debug,CLIENT ERROR: Not Found url=https://repo.typesafe.com/typesafe/ivy-releases/com.typesafe.play/play-exceptions/2.5.3/ivys/ivy.xml))
Sending msg to client activator-ceb38eda-a615-4504-832b-5365b7455e4d: DetachedLogEvent(LogMessage(debug,	typesafe-ivy-releases: no ivy file found for com.typesafe.play#play-exceptions;2.5.3))
Sending msg to client activator-ceb38eda-a615-4504-832b-5365b7455e4d: DetachedLogEvent(LogMessage(debug,		tried https://repo.scala-sbt.org/scalasbt/sbt-plugin-releases/com.typesafe.play/play-exceptions/2.5.3/ivys/ivy.xml))
Sending msg to client activator-ceb38eda-a615-4504-832b-5365b7455e4d: DetachedLogEvent(LogMessage(debug,CLIENT ERROR: Not Found url=https://repo.scala-sbt.org/scalasbt/sbt-plugin-releases/com.typesafe.play/play-exceptions/2.5.3/ivys/ivy.xml))
Sending msg to client activator-ceb38eda-a615-4504-832b-5365b7455e4d: DetachedLogEvent(LogMessage(debug,	sbt-plugin-releases: no ivy file found for com.typesafe.play#play-exceptions;2.5.3))
Sending msg to client activator-ceb38eda-a615-4504-832b-5365b7455e4d: DetachedLogEvent(LogMessage(debug,		tried /Users/sean/.ivy2/local/com.typesafe.play/play-exceptions/2.5.3/ivys/ivy.xml))
Sending msg to client activator-ceb38eda-a615-4504-832b-5365b7455e4d: DetachedLogEvent(LogMessage(debug,	local: no ivy file found for com.typesafe.play#play-exceptions;2.5.3))
Sending msg to client activator-ceb38eda-a615-4504-832b-5365b7455e4d: DetachedLogEvent(LogMessage(debug,		tried /Users/sean/.activator/repository/com.typesafe.play/play-exceptions/2.5.3/ivys/ivy.xml))
Sending msg to client activator-ceb38eda-a615-4504-832b-5365b7455e4d: DetachedLogEvent(LogMessage(debug,	activator-launcher-local: no ivy file found for com.typesafe.play#play-exceptions;2.5.3))
Sending msg to client activator-ceb38eda-a615-4504-832b-5365b7455e4d: DetachedLogEvent(LogMessage(debug,		tried /Users/sean/Documents/activator/repository/com.typesafe.play/play-exceptions/2.5.3/ivys/ivy.xml))
Sending msg to client activator-ceb38eda-a615-4504-832b-5365b7455e4d: DetachedLogEvent(LogMessage(debug,	activator-local: no ivy file found for com.typesafe.play#play-exceptions;2.5.3))
Sending msg to client activator-ceb38eda-a615-4504-832b-5365b7455e4d: DetachedLogEvent(LogMessage(debug,		tried https://repo1.maven.org/maven2/com/typesafe/play/play-exceptions/2.5.3/play-exceptions-2.5.3.pom))
Sending msg to client activator-ceb38eda-a615-4504-832b-5365b7455e4d: DetachedLogEvent(LogMessage(debug,	public: found md file for com.typesafe.play#play-exceptions;2.5.3))
Sending msg to client activator-ceb38eda-a615-4504-832b-5365b7455e4d: DetachedLogEvent(LogMessage(debug,		=> https://repo1.maven.org/maven2/com/typesafe/play/play-exceptions/2.5.3/play-exceptions-2.5.3.pom (2.5.3)))
Sending msg to client activator-ceb38eda-a615-4504-832b-5365b7455e4d: DetachedLogEvent(LogMessage(debug,downloading https://repo1.maven.org/maven2/com/typesafe/play/play-exceptions/2.5.3/play-exceptions-2.5.3.pom ...))
Sending msg to client activator-ceb38eda-a615-4504-832b-5365b7455e4d: DetachedLogEvent(LogMessage(debug,	public: downloading https://repo1.maven.org/maven2/com/typesafe/play/play-exceptions/2.5.3/play-exceptions-2.5.3.pom))
Sending msg to client activator-ceb38eda-a615-4504-832b-5365b7455e4d: DetachedLogEvent(LogMessage(debug,	public: downloading https://repo1.maven.org/maven2/com/typesafe/play/play-exceptions/2.5.3/play-exceptions-2.5.3.pom.sha1))
Sending msg to client activator-ceb38eda-a615-4504-832b-5365b7455e4d: DetachedLogEvent(LogMessage(debug,sha1 OK for https://repo1.maven.org/maven2/com/typesafe/play/play-exceptions/2.5.3/play-exceptions-2.5.3.pom))
Sending msg to client activator-ceb38eda-a615-4504-832b-5365b7455e4d: DetachedLogEvent(LogMessage(debug,	[SUCCESSFUL ] com.typesafe.play#play-exceptions;2.5.3!play-exceptions.pom(pom.original) (613ms)))
Sending msg to client activator-ceb38eda-a615-4504-832b-5365b7455e4d: DetachedLogEvent(LogMessage(debug,		tried https://repo.typesafe.com/typesafe/ivy-releases/com.typesafe.play/play-exceptions/2.5.3/jars/play-exceptions.jar))
Sending msg to client activator-ceb38eda-a615-4504-832b-5365b7455e4d: DetachedLogEvent(LogMessage(debug,CLIENT ERROR: Not Found url=https://repo.typesafe.com/typesafe/ivy-releases/com.typesafe.play/play-exceptions/2.5.3/jars/play-exceptions.jar))
Sending msg to client activator-ceb38eda-a615-4504-832b-5365b7455e4d: DetachedLogEvent(LogMessage(debug,		tried https://repo.scala-sbt.org/scalasbt/sbt-plugin-releases/com.typesafe.play/play-exceptions/2.5.3/jars/play-exceptions.jar))
Sending msg to client activator-ceb38eda-a615-4504-832b-5365b7455e4d: DetachedLogEvent(LogMessage(debug,CLIENT ERROR: Not Found url=https://repo.scala-sbt.org/scalasbt/sbt-plugin-releases/com.typesafe.play/play-exceptions/2.5.3/jars/play-exceptions.jar))
Sending msg to client activator-ceb38eda-a615-4504-832b-5365b7455e4d: DetachedLogEvent(LogMessage(debug,		tried /Users/sean/.ivy2/local/com.typesafe.play/play-exceptions/2.5.3/jars/play-exceptions.jar))
Sending msg to client activator-ceb38eda-a615-4504-832b-5365b7455e4d: DetachedLogEvent(LogMessage(debug,		tried /Users/sean/.activator/repository/com.typesafe.play/play-exceptions/2.5.3/jars/play-exceptions.jar))
Sending msg to client activator-ceb38eda-a615-4504-832b-5365b7455e4d: DetachedLogEvent(LogMessage(debug,		tried /Users/sean/Documents/activator/repository/com.typesafe.play/play-exceptions/2.5.3/jars/play-exceptions.jar))
Sending msg to client activator-ceb38eda-a615-4504-832b-5365b7455e4d: DetachedLogEvent(LogMessage(debug,		tried https://repo1.maven.org/maven2/com/typesafe/play/play-exceptions/2.5.3/play-exceptions-2.5.3.jar))
Sending msg to client activator-ceb38eda-a615-4504-832b-5365b7455e4d: DetachedLogEvent(LogMessage(debug,	found com.typesafe.play#play-exceptions;2.5.3 in public))
Sending msg to client activator-ceb38eda-a615-4504-832b-5365b7455e4d: DetachedLogEvent(LogMessage(debug,== resolving dependencies com.typesafe.play#build-link;2.5.3->com.typesafe.play#play-exceptions;2.5.3 [compile->compile(*)]))
Sending msg to client activator-ceb38eda-a615-4504-832b-5365b7455e4d: DetachedLogEvent(LogMessage(debug,== resolving dependencies com.typesafe.play#sbt-run-support_2.10;2.5.3->com.typesafe.play#build-link;2.5.3 [compile->runtime(*)]))
Sending msg to client activator-ceb38eda-a615-4504-832b-5365b7455e4d: DetachedLogEvent(LogMessage(debug,== resolving dependencies com.typesafe.play#sbt-run-support_2.10;2.5.3->com.typesafe.play#build-link;2.5.3 [compile->compile]))
Sending msg to client activator-ceb38eda-a615-4504-832b-5365b7455e4d: DetachedLogEvent(LogMessage(debug,== resolving dependencies com.typesafe.play#build-link;2.5.3->com.typesafe.play#play-exceptions;2.5.3 [runtime->runtime(*)]))
Sending msg to client activator-ceb38eda-a615-4504-832b-5365b7455e4d: DetachedLogEvent(LogMessage(debug,== resolving dependencies com.typesafe.play#build-link;2.5.3->com.typesafe.play#play-exceptions;2.5.3 [runtime->compile]))
Sending msg to client activator-ceb38eda-a615-4504-832b-5365b7455e4d: DetachedLogEvent(LogMessage(debug,dependency descriptor has been mediated: dependency: org.scala-lang#scala-library;2.10.6 {compile=[compile(*), master(compile)], runtime=[runtime(*)]} => dependency: org.scala-lang#scala-library;2.10.4 {compile=[compile(*), master(compile)], runtime=[runtime(*)]}))
Sending msg to client activator-ceb38eda-a615-4504-832b-5365b7455e4d: DetachedLogEvent(LogMessage(debug,== resolving dependencies com.typesafe.play#sbt-run-support_2.10;2.5.3->org.scala-lang#scala-library;2.10.4 [runtime->runtime(*)]))
Sending msg to client activator-ceb38eda-a615-4504-832b-5365b7455e4d: DetachedLogEvent(LogMessage(debug,== resolving dependencies com.typesafe.play#sbt-run-support_2.10;2.5.3->org.scala-lang#scala-library;2.10.4 [runtime->compile]))
Sending msg to client activator-ceb38eda-a615-4504-832b-5365b7455e4d: DetachedLogEvent(LogMessage(debug,== resolving dependencies com.typesafe.play#sbt-run-support_2.10;2.5.3->com.typesafe.play#build-link;2.5.3 [runtime->runtime(*)]))
Sending msg to client activator-ceb38eda-a615-4504-832b-5365b7455e4d: DetachedLogEvent(LogMessage(debug,== resolving dependencies com.typesafe.play#sbt-run-support_2.10;2.5.3->com.typesafe.play#build-link;2.5.3 [runtime->compile]))
Sending msg to client activator-ceb38eda-a615-4504-832b-5365b7455e4d: DetachedLogEvent(LogMessage(debug,== resolving dependencies com.typesafe.play#sbt-plugin;2.5.3->com.typesafe.play#sbt-run-support_2.10;2.5.3 [compile->master]))
Sending msg to client activator-ceb38eda-a615-4504-832b-5365b7455e4d: DetachedLogEvent(LogMessage(debug,dependency descriptor has been mediated: dependency: org.scala-lang#scala-library;2.10.6 {compile=[compile(*), master(compile)], runtime=[runtime(*)]} => dependency: org.scala-lang#scala-library;2.10.4 {compile=[compile(*), master(compile)], runtime=[runtime(*)]}))
Sending msg to client activator-ceb38eda-a615-4504-832b-5365b7455e4d: DetachedLogEvent(LogMessage(debug,dependency descriptor has been mediated: dependency: org.scala-lang#scala-library;2.10.6 {compile=[compile(*), master(compile)], runtime=[runtime(*)]} => dependency: org.scala-lang#scala-library;2.10.4 {compile=[compile(*), master(compile)], runtime=[runtime(*)]}))
Sending msg to client activator-ceb38eda-a615-4504-832b-5365b7455e4d: DetachedLogEvent(LogMessage(debug,== resolving dependencies com.typesafe.play#sbt-plugin;2.5.3->com.typesafe#config;1.3.0 [compile->default(compile)]))
Sending msg to client activator-ceb38eda-a615-4504-832b-5365b7455e4d: DetachedLogEvent(LogMessage(debug,dependency descriptor has been mediated: dependency: org.scala-lang#scala-library;2.10.6 {provided=[default(compile)]} => dependency: org.scala-lang#scala-library;2.10.4 {provided=[default(compile)]}))
Sending msg to client activator-ceb38eda-a615-4504-832b-5365b7455e4d: DetachedLogEvent(LogMessage(debug,dependency descriptor has been mediated: dependency: org.scala-lang#scala-reflect;2.10.6 {provided=[default(compile)]} => dependency: org.scala-lang#scala-reflect;2.10.4 {provided=[default(compile)]}))
Sending msg to client activator-ceb38eda-a615-4504-832b-5365b7455e4d: DetachedLogEvent(LogMessage(debug,dependency descriptor has been mediated: dependency: org.scala-lang#scala-library;2.10.6 {provided=[default(compile)]} => dependency: org.scala-lang#scala-library;2.10.4 {provided=[default(compile)]}))
Sending msg to client activator-ceb38eda-a615-4504-832b-5365b7455e4d: DetachedLogEvent(LogMessage(debug,dependency descriptor has been mediated: dependency: org.scala-lang#scala-reflect;2.10.6 {provided=[default(compile)]} => dependency: org.scala-lang#scala-reflect;2.10.4 {provided=[default(compile)]}))
Sending msg to client activator-ceb38eda-a615-4504-832b-5365b7455e4d: DetachedLogEvent(LogMessage(debug,dependency descriptor has been mediated: dependency: org.scala-lang#scala-compiler;2.10.4 {scala-tool=[default, optional(default)]} => dependency: org.scala-lang#scala-compiler;2.10.4 {scala-tool=[default, optional(default)]}))
Sending msg to client activator-ceb38eda-a615-4504-832b-5365b7455e4d: DetachedLogEvent(LogMessage(debug,dependency descriptor has been mediated: sbt.ivyint.MergedDescriptors@60df97dc => sbt.ivyint.MergedDescriptors@790e4d81))
Sending msg to client activator-ceb38eda-a615-4504-832b-5365b7455e4d: DetachedLogEvent(LogStdOut([A[2K[info] Resolving com.typesafe#config;1.3.0 ...))
Sending msg to client activator-ceb38eda-a615-4504-832b-5365b7455e4d: DetachedLogEvent(LogMessage(info,Resolving com.typesafe#config;1.3.0 ...))
Sending msg to client activator-ceb38eda-a615-4504-832b-5365b7455e4d: DetachedLogEvent(LogMessage(debug,sbt-chain: Checking cache for: dependency: com.typesafe#config;1.3.0 {compile=[default(compile)]}))
Sending msg to client activator-ceb38eda-a615-4504-832b-5365b7455e4d: DetachedLogEvent(LogMessage(debug,sbt-chain: module revision found in cache: com.typesafe#config;1.3.0))
Sending msg to client activator-ceb38eda-a615-4504-832b-5365b7455e4d: DetachedLogEvent(LogMessage(debug,	found com.typesafe#config;1.3.0 in sbt-chain))
Sending msg to client activator-ceb38eda-a615-4504-832b-5365b7455e4d: DetachedLogEvent(LogMessage(debug,== resolving dependencies com.typesafe.play#sbt-plugin;2.5.3->com.typesafe#config;1.3.0 [compile->runtime]))
Sending msg to client activator-ceb38eda-a615-4504-832b-5365b7455e4d: DetachedLogEvent(LogMessage(debug,== resolving dependencies com.typesafe.play#sbt-plugin;2.5.3->com.typesafe#config;1.3.0 [compile->compile]))
Sending msg to client activator-ceb38eda-a615-4504-832b-5365b7455e4d: DetachedLogEvent(LogMessage(debug,== resolving dependencies com.typesafe.play#sbt-plugin;2.5.3->com.typesafe#config;1.3.0 [compile->master]))
Sending msg to client activator-ceb38eda-a615-4504-832b-5365b7455e4d: DetachedLogEvent(LogMessage(debug,== resolving dependencies com.typesafe.play#sbt-plugin;2.5.3->net.contentobjects.jnotify#jnotify;0.94-play-1 [compile->default(compile)]))
Sending msg to client activator-ceb38eda-a615-4504-832b-5365b7455e4d: DetachedLogEvent(LogMessage(debug,dependency descriptor has been mediated: dependency: org.scala-lang#scala-library;2.10.6 {provided=[default(compile)]} => dependency: org.scala-lang#scala-library;2.10.4 {provided=[default(compile)]}))
Sending msg to client activator-ceb38eda-a615-4504-832b-5365b7455e4d: DetachedLogEvent(LogMessage(debug,dependency descriptor has been mediated: dependency: org.scala-lang#scala-reflect;2.10.6 {provided=[default(compile)]} => dependency: org.scala-lang#scala-reflect;2.10.4 {provided=[default(compile)]}))
Sending msg to client activator-ceb38eda-a615-4504-832b-5365b7455e4d: DetachedLogEvent(LogMessage(debug,dependency descriptor has been mediated: dependency: org.scala-lang#scala-library;2.10.6 {provided=[default(compile)]} => dependency: org.scala-lang#scala-library;2.10.4 {provided=[default(compile)]}))
Sending msg to client activator-ceb38eda-a615-4504-832b-5365b7455e4d: DetachedLogEvent(LogMessage(debug,dependency descriptor has been mediated: dependency: org.scala-lang#scala-reflect;2.10.6 {provided=[default(compile)]} => dependency: org.scala-lang#scala-reflect;2.10.4 {provided=[default(compile)]}))
Sending msg to client activator-ceb38eda-a615-4504-832b-5365b7455e4d: DetachedLogEvent(LogMessage(debug,dependency descriptor has been mediated: dependency: org.scala-lang#scala-compiler;2.10.4 {scala-tool=[default, optional(default)]} => dependency: org.scala-lang#scala-compiler;2.10.4 {scala-tool=[default, optional(default)]}))
Sending msg to client activator-ceb38eda-a615-4504-832b-5365b7455e4d: DetachedLogEvent(LogMessage(debug,dependency descriptor has been mediated: sbt.ivyint.MergedDescriptors@60df97dc => sbt.ivyint.MergedDescriptors@7d4005ba))
Sending msg to client activator-ceb38eda-a615-4504-832b-5365b7455e4d: DetachedLogEvent(LogStdOut([A[2K[info] Resolving net.contentobjects.jnotify#jnotify;0.94-play-1 ...))
Sending msg to client activator-ceb38eda-a615-4504-832b-5365b7455e4d: DetachedLogEvent(LogMessage(info,Resolving net.contentobjects.jnotify#jnotify;0.94-play-1 ...))
Sending msg to client activator-ceb38eda-a615-4504-832b-5365b7455e4d: DetachedLogEvent(LogMessage(debug,sbt-chain: Checking cache for: dependency: net.contentobjects.jnotify#jnotify;0.94-play-1 {compile=[default(compile)]}))
Sending msg to client activator-ceb38eda-a615-4504-832b-5365b7455e4d: DetachedLogEvent(LogMessage(debug,sbt-chain: module revision found in cache: net.contentobjects.jnotify#jnotify;0.94-play-1))
Sending msg to client activator-ceb38eda-a615-4504-832b-5365b7455e4d: DetachedLogEvent(LogMessage(debug,	found net.contentobjects.jnotify#jnotify;0.94-play-1 in sbt-chain))
Sending msg to client activator-ceb38eda-a615-4504-832b-5365b7455e4d: DetachedLogEvent(LogMessage(debug,== resolving dependencies com.typesafe.play#sbt-plugin;2.5.3->com.typesafe.sbt#sbt-twirl;1.1.1 [compile->default(compile)]))
Sending msg to client activator-ceb38eda-a615-4504-832b-5365b7455e4d: DetachedLogEvent(LogMessage(debug,dependency descriptor has been mediated: dependency: org.scala-lang#scala-library;2.10.6 {provided=[default(compile)]} => dependency: org.scala-lang#scala-library;2.10.4 {provided=[default(compile)]}))
Sending msg to client activator-ceb38eda-a615-4504-832b-5365b7455e4d: DetachedLogEvent(LogMessage(debug,dependency descriptor has been mediated: dependency: org.scala-lang#scala-reflect;2.10.6 {provided=[default(compile)]} => dependency: org.scala-lang#scala-reflect;2.10.4 {provided=[default(compile)]}))
Sending msg to client activator-ceb38eda-a615-4504-832b-5365b7455e4d: DetachedLogEvent(LogMessage(debug,dependency descriptor has been mediated: dependency: org.scala-lang#scala-library;2.10.6 {provided=[default(compile)]} => dependency: org.scala-lang#scala-library;2.10.4 {provided=[default(compile)]}))
Sending msg to client activator-ceb38eda-a615-4504-832b-5365b7455e4d: DetachedLogEvent(LogMessage(debug,dependency descriptor has been mediated: dependency: org.scala-lang#scala-reflect;2.10.6 {provided=[default(compile)]} => dependency: org.scala-lang#scala-reflect;2.10.4 {provided=[default(compile)]}))
Sending msg to client activator-ceb38eda-a615-4504-832b-5365b7455e4d: DetachedLogEvent(LogMessage(debug,dependency descriptor has been mediated: dependency: org.scala-lang#scala-compiler;2.10.4 {scala-tool=[default, optional(default)]} => dependency: org.scala-lang#scala-compiler;2.10.4 {scala-tool=[default, optional(default)]}))
Sending msg to client activator-ceb38eda-a615-4504-832b-5365b7455e4d: DetachedLogEvent(LogMessage(debug,dependency descriptor has been mediated: sbt.ivyint.MergedDescriptors@60df97dc => sbt.ivyint.MergedDescriptors@6e96ca8a))
Sending msg to client activator-ceb38eda-a615-4504-832b-5365b7455e4d: DetachedLogEvent(LogStdOut([A[2K[info] Resolving com.typesafe.sbt#sbt-twirl;1.1.1 ...))
Sending msg to client activator-ceb38eda-a615-4504-832b-5365b7455e4d: DetachedLogEvent(LogMessage(info,Resolving com.typesafe.sbt#sbt-twirl;1.1.1 ...))
Sending msg to client activator-ceb38eda-a615-4504-832b-5365b7455e4d: DetachedLogEvent(LogMessage(debug,sbt-chain: Checking cache for: dependency: com.typesafe.sbt#sbt-twirl;1.1.1 {compile=[default(compile)]}))
Sending msg to client activator-ceb38eda-a615-4504-832b-5365b7455e4d: DetachedLogEvent(LogMessage(debug,sbt-chain: module revision found in cache: com.typesafe.sbt#sbt-twirl;1.1.1))
Sending msg to client activator-ceb38eda-a615-4504-832b-5365b7455e4d: DetachedLogEvent(LogMessage(debug,	found com.typesafe.sbt#sbt-twirl;1.1.1 in sbt-chain))
Sending msg to client activator-ceb38eda-a615-4504-832b-5365b7455e4d: DetachedLogEvent(LogMessage(debug,dependency descriptor has been mediated: dependency: org.scala-lang#scala-library;2.10.4 {provided=[default(compile)]} => dependency: org.scala-lang#scala-library;2.10.4 {provided=[default(compile)]}))
Sending msg to client activator-ceb38eda-a615-4504-832b-5365b7455e4d: DetachedLogEvent(LogMessage(debug,== resolving dependencies com.typesafe.sbt#sbt-twirl;1.1.1->com.typesafe.play#twirl-compiler_2.10;1.1.1 [compile->default(compile)]))
Sending msg to client activator-ceb38eda-a615-4504-832b-5365b7455e4d: DetachedLogEvent(LogMessage(debug,dependency descriptor has been mediated: dependency: org.scala-lang#scala-library;2.10.4 {provided=[default(compile)]} => dependency: org.scala-lang#scala-library;2.10.4 {provided=[default(compile)]}))
Sending msg to client activator-ceb38eda-a615-4504-832b-5365b7455e4d: DetachedLogEvent(LogMessage(debug,dependency descriptor has been mediated: dependency: org.scala-lang#scala-library;2.10.4 {provided=[default(compile)]} => dependency: org.scala-lang#scala-library;2.10.4 {provided=[default(compile)]}))
Sending msg to client activator-ceb38eda-a615-4504-832b-5365b7455e4d: DetachedLogEvent(LogMessage(debug,dependency descriptor has been mediated: dependency: org.scala-lang#scala-library;2.10.6 {provided=[default(compile)]} => dependency: org.scala-lang#scala-library;2.10.4 {provided=[default(compile)]}))
Sending msg to client activator-ceb38eda-a615-4504-832b-5365b7455e4d: DetachedLogEvent(LogMessage(debug,dependency descriptor has been mediated: dependency: org.scala-lang#scala-reflect;2.10.6 {provided=[default(compile)]} => dependency: org.scala-lang#scala-reflect;2.10.4 {provided=[default(compile)]}))
Sending msg to client activator-ceb38eda-a615-4504-832b-5365b7455e4d: DetachedLogEvent(LogMessage(debug,dependency descriptor has been mediated: dependency: org.scala-lang#scala-library;2.10.6 {provided=[default(compile)]} => dependency: org.scala-lang#scala-library;2.10.4 {provided=[default(compile)]}))
Sending msg to client activator-ceb38eda-a615-4504-832b-5365b7455e4d: DetachedLogEvent(LogMessage(debug,dependency descriptor has been mediated: dependency: org.scala-lang#scala-reflect;2.10.6 {provided=[default(compile)]} => dependency: org.scala-lang#scala-reflect;2.10.4 {provided=[default(compile)]}))
Sending msg to client activator-ceb38eda-a615-4504-832b-5365b7455e4d: DetachedLogEvent(LogMessage(debug,dependency descriptor has been mediated: dependency: org.scala-lang#scala-compiler;2.10.4 {scala-tool=[default, optional(default)]} => dependency: org.scala-lang#scala-compiler;2.10.4 {scala-tool=[default, optional(default)]}))
Sending msg to client activator-ceb38eda-a615-4504-832b-5365b7455e4d: DetachedLogEvent(LogMessage(debug,dependency descriptor has been mediated: sbt.ivyint.MergedDescriptors@60df97dc => sbt.ivyint.MergedDescriptors@5d437c46))
Sending msg to client activator-ceb38eda-a615-4504-832b-5365b7455e4d: DetachedLogEvent(LogStdOut([A[2K[info] Resolving com.typesafe.play#twirl-compiler_2.10;1.1.1 ...))
Sending msg to client activator-ceb38eda-a615-4504-832b-5365b7455e4d: DetachedLogEvent(LogMessage(info,Resolving com.typesafe.play#twirl-compiler_2.10;1.1.1 ...))
Sending msg to client activator-ceb38eda-a615-4504-832b-5365b7455e4d: DetachedLogEvent(LogMessage(debug,sbt-chain: Checking cache for: dependency: com.typesafe.play#twirl-compiler_2.10;1.1.1 {compile=[default(compile)]}))
Sending msg to client activator-ceb38eda-a615-4504-832b-5365b7455e4d: DetachedLogEvent(LogMessage(debug,sbt-chain: module revision found in cache: com.typesafe.play#twirl-compiler_2.10;1.1.1))
Sending msg to client activator-ceb38eda-a615-4504-832b-5365b7455e4d: DetachedLogEvent(LogMessage(debug,	found com.typesafe.play#twirl-compiler_2.10;1.1.1 in sbt-chain))
Sending msg to client activator-ceb38eda-a615-4504-832b-5365b7455e4d: DetachedLogEvent(LogMessage(debug,== resolving dependencies com.typesafe.sbt#sbt-twirl;1.1.1->com.typesafe.play#twirl-compiler_2.10;1.1.1 [compile->runtime]))
Sending msg to client activator-ceb38eda-a615-4504-832b-5365b7455e4d: DetachedLogEvent(LogMessage(debug,== resolving dependencies com.typesafe.sbt#sbt-twirl;1.1.1->com.typesafe.play#twirl-compiler_2.10;1.1.1 [compile->compile]))
Sending msg to client activator-ceb38eda-a615-4504-832b-5365b7455e4d: DetachedLogEvent(LogMessage(debug,dependency descriptor has been mediated: dependency: org.scala-lang#scala-compiler;2.10.5 {compile=[compile(*), master(compile)], runtime=[runtime(*)]} => dependency: org.scala-lang#scala-compiler;2.10.4 {compile=[compile(*), master(compile)], runtime=[runtime(*)]}))
Sending msg to client activator-ceb38eda-a615-4504-832b-5365b7455e4d: DetachedLogEvent(LogMessage(debug,dependency descriptor has been mediated: dependency: org.scala-lang#scala-library;2.10.5 {compile=[compile(*), master(compile)], runtime=[runtime(*)]} => dependency: org.scala-lang#scala-library;2.10.4 {compile=[compile(*), master(compile)], runtime=[runtime(*)]}))
Sending msg to client activator-ceb38eda-a615-4504-832b-5365b7455e4d: DetachedLogEvent(LogMessage(debug,== resolving dependencies com.typesafe.play#twirl-compiler_2.10;1.1.1->org.scala-lang#scala-compiler;2.10.4 [compile->master(compile)]))
Sending msg to client activator-ceb38eda-a615-4504-832b-5365b7455e4d: DetachedLogEvent(LogMessage(debug,dependency descriptor has been mediated: dependency: org.scala-lang#scala-compiler;2.10.5 {compile=[compile(*), master(compile)], runtime=[runtime(*)]} => dependency: org.scala-lang#scala-compiler;2.10.4 {compile=[compile(*), master(compile)], runtime=[runtime(*)]}))
Sending msg to client activator-ceb38eda-a615-4504-832b-5365b7455e4d: DetachedLogEvent(LogMessage(debug,dependency descriptor has been mediated: dependency: org.scala-lang#scala-library;2.10.5 {compile=[compile(*), master(compile)], runtime=[runtime(*)]} => dependency: org.scala-lang#scala-library;2.10.4 {compile=[compile(*), master(compile)], runtime=[runtime(*)]}))
Sending msg to client activator-ceb38eda-a615-4504-832b-5365b7455e4d: DetachedLogEvent(LogMessage(debug,dependency descriptor has been mediated: dependency: org.scala-lang#scala-compiler;2.10.5 {compile=[compile(*), master(compile)], runtime=[runtime(*)]} => dependency: org.scala-lang#scala-compiler;2.10.4 {compile=[compile(*), master(compile)], runtime=[runtime(*)]}))
Sending msg to client activator-ceb38eda-a615-4504-832b-5365b7455e4d: DetachedLogEvent(LogMessage(debug,dependency descriptor has been mediated: dependency: org.scala-lang#scala-library;2.10.5 {compile=[compile(*), master(compile)], runtime=[runtime(*)]} => dependency: org.scala-lang#scala-library;2.10.4 {compile=[compile(*), master(compile)], runtime=[runtime(*)]}))
Sending msg to client activator-ceb38eda-a615-4504-832b-5365b7455e4d: DetachedLogEvent(LogMessage(debug,dependency descriptor has been mediated: dependency: org.scala-lang#scala-compiler;2.10.5 {compile=[compile(*), master(compile)], runtime=[runtime(*)]} => dependency: org.scala-lang#scala-compiler;2.10.4 {compile=[compile(*), master(compile)], runtime=[runtime(*)]}))
Sending msg to client activator-ceb38eda-a615-4504-832b-5365b7455e4d: DetachedLogEvent(LogMessage(debug,dependency descriptor has been mediated: dependency: org.scala-lang#scala-library;2.10.5 {compile=[compile(*), master(compile)], runtime=[runtime(*)]} => dependency: org.scala-lang#scala-library;2.10.4 {compile=[compile(*), master(compile)], runtime=[runtime(*)]}))
Sending msg to client activator-ceb38eda-a615-4504-832b-5365b7455e4d: DetachedLogEvent(LogMessage(debug,dependency descriptor has been mediated: dependency: org.scala-lang#scala-compiler;2.10.5 {compile=[compile(*), master(compile)], runtime=[runtime(*)]} => dependency: org.scala-lang#scala-compiler;2.10.4 {compile=[compile(*), master(compile)], runtime=[runtime(*)]}))
Sending msg to client activator-ceb38eda-a615-4504-832b-5365b7455e4d: DetachedLogEvent(LogMessage(debug,dependency descriptor has been mediated: dependency: org.scala-lang#scala-library;2.10.5 {compile=[compile(*), master(compile)], runtime=[runtime(*)]} => dependency: org.scala-lang#scala-library;2.10.4 {compile=[compile(*), master(compile)], runtime=[runtime(*)]}))
Sending msg to client activator-ceb38eda-a615-4504-832b-5365b7455e4d: DetachedLogEvent(LogMessage(debug,dependency descriptor has been mediated: dependency: org.scala-lang#scala-compiler;2.10.5 {compile=[compile(*), master(compile)], runtime=[runtime(*)]} => dependency: org.scala-lang#scala-compiler;2.10.4 {compile=[compile(*), master(compile)], runtime=[runtime(*)]}))
Sending msg to client activator-ceb38eda-a615-4504-832b-5365b7455e4d: DetachedLogEvent(LogMessage(debug,dependency descriptor has been mediated: dependency: org.scala-lang#scala-library;2.10.5 {compile=[compile(*), master(compile)], runtime=[runtime(*)]} => dependency: org.scala-lang#scala-library;2.10.4 {compile=[compile(*), master(compile)], runtime=[runtime(*)]}))
Sending msg to client activator-ceb38eda-a615-4504-832b-5365b7455e4d: DetachedLogEvent(LogMessage(debug,dependency descriptor has been mediated: dependency: org.scala-lang#scala-library;2.10.4 {provided=[default(compile)]} => dependency: org.scala-lang#scala-library;2.10.4 {provided=[default(compile)]}))
Sending msg to client activator-ceb38eda-a615-4504-832b-5365b7455e4d: DetachedLogEvent(LogMessage(debug,dependency descriptor has been mediated: dependency: org.scala-lang#scala-library;2.10.4 {provided=[default(compile)]} => dependency: org.scala-lang#scala-library;2.10.4 {provided=[default(compile)]}))
Sending msg to client activator-ceb38eda-a615-4504-832b-5365b7455e4d: DetachedLogEvent(LogMessage(debug,dependency descriptor has been mediated: dependency: org.scala-lang#scala-library;2.10.6 {provided=[default(compile)]} => dependency: org.scala-lang#scala-library;2.10.4 {provided=[default(compile)]}))
Sending msg to client activator-ceb38eda-a615-4504-832b-5365b7455e4d: DetachedLogEvent(LogMessage(debug,dependency descriptor has been mediated: dependency: org.scala-lang#scala-reflect;2.10.6 {provided=[default(compile)]} => dependency: org.scala-lang#scala-reflect;2.10.4 {provided=[default(compile)]}))
Sending msg to client activator-ceb38eda-a615-4504-832b-5365b7455e4d: DetachedLogEvent(LogMessage(debug,dependency descriptor has been mediated: dependency: org.scala-lang#scala-library;2.10.6 {provided=[default(compile)]} => dependency: org.scala-lang#scala-library;2.10.4 {provided=[default(compile)]}))
Sending msg to client activator-ceb38eda-a615-4504-832b-5365b7455e4d: DetachedLogEvent(LogMessage(debug,dependency descriptor has been mediated: dependency: org.scala-lang#scala-reflect;2.10.6 {provided=[default(compile)]} => dependency: org.scala-lang#scala-reflect;2.10.4 {provided=[default(compile)]}))
Sending msg to client activator-ceb38eda-a615-4504-832b-5365b7455e4d: DetachedLogEvent(LogMessage(debug,dependency descriptor has been mediated: dependency: org.scala-lang#scala-compiler;2.10.4 {scala-tool=[default, optional(default)]} => dependency: org.scala-lang#scala-compiler;2.10.4 {scala-tool=[default, optional(default)]}))
Sending msg to client activator-ceb38eda-a615-4504-832b-5365b7455e4d: DetachedLogEvent(LogMessage(debug,dependency descriptor has been mediated: sbt.ivyint.MergedDescriptors@60df97dc => sbt.ivyint.MergedDescriptors@eba53db))
Sending msg to client activator-ceb38eda-a615-4504-832b-5365b7455e4d: DetachedLogEvent(LogStdOut([A[2K[info] Resolving org.scala-lang#scala-compiler;2.10.4 ...))
Sending msg to client activator-ceb38eda-a615-4504-832b-5365b7455e4d: DetachedLogEvent(LogMessage(info,Resolving org.scala-lang#scala-compiler;2.10.4 ...))
Sending msg to client activator-ceb38eda-a615-4504-832b-5365b7455e4d: DetachedLogEvent(LogMessage(debug,sbt-chain: Checking cache for: dependency: org.scala-lang#scala-compiler;2.10.4 {compile=[compile(*), master(compile)], runtime=[runtime(*)]}))
Sending msg to client activator-ceb38eda-a615-4504-832b-5365b7455e4d: DetachedLogEvent(LogMessage(debug,sbt-chain: module revision found in cache: org.scala-lang#scala-compiler;2.10.4))
Sending msg to client activator-ceb38eda-a615-4504-832b-5365b7455e4d: DetachedLogEvent(LogMessage(debug,	found org.scala-lang#scala-compiler;2.10.4 in sbt-chain))
Sending msg to client activator-ceb38eda-a615-4504-832b-5365b7455e4d: DetachedLogEvent(LogMessage(debug,dependency descriptor has been mediated: dependency: org.scala-lang#scala-library;2.10.4 {compile=[compile(*), master(compile)], runtime=[runtime(*)]} => dependency: org.scala-lang#scala-library;2.10.4 {compile=[compile(*), master(compile)], runtime=[runtime(*)]}))
Sending msg to client activator-ceb38eda-a615-4504-832b-5365b7455e4d: DetachedLogEvent(LogMessage(debug,dependency descriptor has been mediated: dependency: org.scala-lang#scala-reflect;2.10.4 {compile=[compile(*), master(compile)], runtime=[runtime(*)]} => dependency: org.scala-lang#scala-reflect;2.10.4 {compile=[compile(*), master(compile)], runtime=[runtime(*)]}))
Sending msg to client activator-ceb38eda-a615-4504-832b-5365b7455e4d: DetachedLogEvent(LogMessage(debug,== resolving dependencies com.typesafe.play#twirl-compiler_2.10;1.1.1->org.scala-lang#scala-compiler;2.10.4 [compile->compile(*)]))
Sending msg to client activator-ceb38eda-a615-4504-832b-5365b7455e4d: DetachedLogEvent(LogMessage(debug,dependency descriptor has been mediated: dependency: org.scala-lang#scala-library;2.10.4 {compile=[compile(*), master(compile)], runtime=[runtime(*)]} => dependency: org.scala-lang#scala-library;2.10.4 {compile=[compile(*), master(compile)], runtime=[runtime(*)]}))
Sending msg to client activator-ceb38eda-a615-4504-832b-5365b7455e4d: DetachedLogEvent(LogMessage(debug,dependency descriptor has been mediated: dependency: org.scala-lang#scala-reflect;2.10.4 {compile=[compile(*), master(compile)], runtime=[runtime(*)]} => dependency: org.scala-lang#scala-reflect;2.10.4 {compile=[compile(*), master(compile)], runtime=[runtime(*)]}))
Sending msg to client activator-ceb38eda-a615-4504-832b-5365b7455e4d: DetachedLogEvent(LogMessage(debug,== resolving dependencies org.scala-lang#scala-compiler;2.10.4->org.scala-lang#scala-library;2.10.4 [compile->master(compile)]))
Sending msg to client activator-ceb38eda-a615-4504-832b-5365b7455e4d: DetachedLogEvent(LogMessage(debug,dependency descriptor has been mediated: dependency: org.scala-lang#scala-library;2.10.4 {compile=[compile(*), master(compile)], runtime=[runtime(*)]} => dependency: org.scala-lang#scala-library;2.10.4 {compile=[compile(*), master(compile)], runtime=[runtime(*)]}))
Sending msg to client activator-ceb38eda-a615-4504-832b-5365b7455e4d: DetachedLogEvent(LogMessage(debug,dependency descriptor has been mediated: dependency: org.scala-lang#scala-reflect;2.10.4 {compile=[compile(*), master(compile)], runtime=[runtime(*)]} => dependency: org.scala-lang#scala-reflect;2.10.4 {compile=[compile(*), master(compile)], runtime=[runtime(*)]}))
Sending msg to client activator-ceb38eda-a615-4504-832b-5365b7455e4d: DetachedLogEvent(LogMessage(debug,dependency descriptor has been mediated: dependency: org.scala-lang#scala-library;2.10.4 {compile=[compile(*), master(compile)], runtime=[runtime(*)]} => dependency: org.scala-lang#scala-library;2.10.4 {compile=[compile(*), master(compile)], runtime=[runtime(*)]}))
Sending msg to client activator-ceb38eda-a615-4504-832b-5365b7455e4d: DetachedLogEvent(LogMessage(debug,dependency descriptor has been mediated: dependency: org.scala-lang#scala-reflect;2.10.4 {compile=[compile(*), master(compile)], runtime=[runtime(*)]} => dependency: org.scala-lang#scala-reflect;2.10.4 {compile=[compile(*), master(compile)], runtime=[runtime(*)]}))
Sending msg to client activator-ceb38eda-a615-4504-832b-5365b7455e4d: DetachedLogEvent(LogMessage(debug,dependency descriptor has been mediated: dependency: org.scala-lang#scala-library;2.10.4 {compile=[compile(*), master(compile)], runtime=[runtime(*)]} => dependency: org.scala-lang#scala-library;2.10.4 {compile=[compile(*), master(compile)], runtime=[runtime(*)]}))
Sending msg to client activator-ceb38eda-a615-4504-832b-5365b7455e4d: DetachedLogEvent(LogMessage(debug,dependency descriptor has been mediated: dependency: org.scala-lang#scala-reflect;2.10.4 {compile=[compile(*), master(compile)], runtime=[runtime(*)]} => dependency: org.scala-lang#scala-reflect;2.10.4 {compile=[compile(*), master(compile)], runtime=[runtime(*)]}))
Sending msg to client activator-ceb38eda-a615-4504-832b-5365b7455e4d: DetachedLogEvent(LogMessage(debug,dependency descriptor has been mediated: dependency: org.scala-lang#scala-library;2.10.4 {compile=[compile(*), master(compile)], runtime=[runtime(*)]} => dependency: org.scala-lang#scala-library;2.10.4 {compile=[compile(*), master(compile)], runtime=[runtime(*)]}))
Sending msg to client activator-ceb38eda-a615-4504-832b-5365b7455e4d: DetachedLogEvent(LogMessage(debug,dependency descriptor has been mediated: dependency: org.scala-lang#scala-reflect;2.10.4 {compile=[compile(*), master(compile)], runtime=[runtime(*)]} => dependency: org.scala-lang#scala-reflect;2.10.4 {compile=[compile(*), master(compile)], runtime=[runtime(*)]}))
Sending msg to client activator-ceb38eda-a615-4504-832b-5365b7455e4d: DetachedLogEvent(LogMessage(debug,dependency descriptor has been mediated: dependency: org.scala-lang#scala-library;2.10.4 {compile=[compile(*), master(compile)], runtime=[runtime(*)]} => dependency: org.scala-lang#scala-library;2.10.4 {compile=[compile(*), master(compile)], runtime=[runtime(*)]}))
Sending msg to client activator-ceb38eda-a615-4504-832b-5365b7455e4d: DetachedLogEvent(LogMessage(debug,dependency descriptor has been mediated: dependency: org.scala-lang#scala-reflect;2.10.4 {compile=[compile(*), master(compile)], runtime=[runtime(*)]} => dependency: org.scala-lang#scala-reflect;2.10.4 {compile=[compile(*), master(compile)], runtime=[runtime(*)]}))
Sending msg to client activator-ceb38eda-a615-4504-832b-5365b7455e4d: DetachedLogEvent(LogMessage(debug,dependency descriptor has been mediated: dependency: org.scala-lang#scala-compiler;2.10.5 {compile=[compile(*), master(compile)], runtime=[runtime(*)]} => dependency: org.scala-lang#scala-compiler;2.10.4 {compile=[compile(*), master(compile)], runtime=[runtime(*)]}))
Sending msg to client activator-ceb38eda-a615-4504-832b-5365b7455e4d: DetachedLogEvent(LogMessage(debug,dependency descriptor has been mediated: dependency: org.scala-lang#scala-library;2.10.5 {compile=[compile(*), master(compile)], runtime=[runtime(*)]} => dependency: org.scala-lang#scala-library;2.10.4 {compile=[compile(*), master(compile)], runtime=[runtime(*)]}))
Sending msg to client activator-ceb38eda-a615-4504-832b-5365b7455e4d: DetachedLogEvent(LogMessage(debug,dependency descriptor has been mediated: dependency: org.scala-lang#scala-compiler;2.10.5 {compile=[compile(*), master(compile)], runtime=[runtime(*)]} => dependency: org.scala-lang#scala-compiler;2.10.4 {compile=[compile(*), master(compile)], runtime=[runtime(*)]}))
Sending msg to client activator-ceb38eda-a615-4504-832b-5365b7455e4d: DetachedLogEvent(LogMessage(debug,dependency descriptor has been mediated: dependency: org.scala-lang#scala-library;2.10.5 {compile=[compile(*), master(compile)], runtime=[runtime(*)]} => dependency: org.scala-lang#scala-library;2.10.4 {compile=[compile(*), master(compile)], runtime=[runtime(*)]}))
Sending msg to client activator-ceb38eda-a615-4504-832b-5365b7455e4d: DetachedLogEvent(LogMessage(debug,dependency descriptor has been mediated: dependency: org.scala-lang#scala-compiler;2.10.5 {compile=[compile(*), master(compile)], runtime=[runtime(*)]} => dependency: org.scala-lang#scala-compiler;2.10.4 {compile=[compile(*), master(compile)], runtime=[runtime(*)]}))
Sending msg to client activator-ceb38eda-a615-4504-832b-5365b7455e4d: DetachedLogEvent(LogMessage(debug,dependency descriptor has been mediated: dependency: org.scala-lang#scala-library;2.10.5 {compile=[compile(*), master(compile)], runtime=[runtime(*)]} => dependency: org.scala-lang#scala-library;2.10.4 {compile=[compile(*), master(compile)], runtime=[runtime(*)]}))
Sending msg to client activator-ceb38eda-a615-4504-832b-5365b7455e4d: DetachedLogEvent(LogMessage(debug,dependency descriptor has been mediated: dependency: org.scala-lang#scala-compiler;2.10.5 {compile=[compile(*), master(compile)], runtime=[runtime(*)]} => dependency: org.scala-lang#scala-compiler;2.10.4 {compile=[compile(*), master(compile)], runtime=[runtime(*)]}))
Sending msg to client activator-ceb38eda-a615-4504-832b-5365b7455e4d: DetachedLogEvent(LogMessage(debug,dependency descriptor has been mediated: dependency: org.scala-lang#scala-library;2.10.5 {compile=[compile(*), master(compile)], runtime=[runtime(*)]} => dependency: org.scala-lang#scala-library;2.10.4 {compile=[compile(*), master(compile)], runtime=[runtime(*)]}))
Sending msg to client activator-ceb38eda-a615-4504-832b-5365b7455e4d: DetachedLogEvent(LogMessage(debug,dependency descriptor has been mediated: dependency: org.scala-lang#scala-compiler;2.10.5 {compile=[compile(*), master(compile)], runtime=[runtime(*)]} => dependency: org.scala-lang#scala-compiler;2.10.4 {compile=[compile(*), master(compile)], runtime=[runtime(*)]}))
Sending msg to client activator-ceb38eda-a615-4504-832b-5365b7455e4d: DetachedLogEvent(LogMessage(debug,dependency descriptor has been mediated: dependency: org.scala-lang#scala-library;2.10.5 {compile=[compile(*), master(compile)], runtime=[runtime(*)]} => dependency: org.scala-lang#scala-library;2.10.4 {compile=[compile(*), master(compile)], runtime=[runtime(*)]}))
Sending msg to client activator-ceb38eda-a615-4504-832b-5365b7455e4d: DetachedLogEvent(LogMessage(debug,dependency descriptor has been mediated: dependency: org.scala-lang#scala-library;2.10.4 {provided=[default(compile)]} => dependency: org.scala-lang#scala-library;2.10.4 {provided=[default(compile)]}))
Sending msg to client activator-ceb38eda-a615-4504-832b-5365b7455e4d: DetachedLogEvent(LogMessage(debug,dependency descriptor has been mediated: dependency: org.scala-lang#scala-library;2.10.4 {provided=[default(compile)]} => dependency: org.scala-lang#scala-library;2.10.4 {provided=[default(compile)]}))
Sending msg to client activator-ceb38eda-a615-4504-832b-5365b7455e4d: DetachedLogEvent(LogMessage(debug,== resolving dependencies org.scala-lang#scala-compiler;2.10.4->org.scala-lang#scala-library;2.10.4 [compile->compile(*)]))
Sending msg to client activator-ceb38eda-a615-4504-832b-5365b7455e4d: DetachedLogEvent(LogMessage(debug,== resolving dependencies org.scala-lang#scala-compiler;2.10.4->org.scala-lang#scala-reflect;2.10.4 [compile->master(compile)]))
Sending msg to client activator-ceb38eda-a615-4504-832b-5365b7455e4d: DetachedLogEvent(LogMessage(debug,dependency descriptor has been mediated: dependency: org.scala-lang#scala-library;2.10.4 {compile=[compile(*), master(compile)], runtime=[runtime(*)]} => dependency: org.scala-lang#scala-library;2.10.4 {compile=[compile(*), master(compile)], runtime=[runtime(*)]}))
Sending msg to client activator-ceb38eda-a615-4504-832b-5365b7455e4d: DetachedLogEvent(LogMessage(debug,dependency descriptor has been mediated: dependency: org.scala-lang#scala-reflect;2.10.4 {compile=[compile(*), master(compile)], runtime=[runtime(*)]} => dependency: org.scala-lang#scala-reflect;2.10.4 {compile=[compile(*), master(compile)], runtime=[runtime(*)]}))
Sending msg to client activator-ceb38eda-a615-4504-832b-5365b7455e4d: DetachedLogEvent(LogMessage(debug,dependency descriptor has been mediated: dependency: org.scala-lang#scala-library;2.10.4 {compile=[compile(*), master(compile)], runtime=[runtime(*)]} => dependency: org.scala-lang#scala-library;2.10.4 {compile=[compile(*), master(compile)], runtime=[runtime(*)]}))
Sending msg to client activator-ceb38eda-a615-4504-832b-5365b7455e4d: DetachedLogEvent(LogMessage(debug,dependency descriptor has been mediated: dependency: org.scala-lang#scala-reflect;2.10.4 {compile=[compile(*), master(compile)], runtime=[runtime(*)]} => dependency: org.scala-lang#scala-reflect;2.10.4 {compile=[compile(*), master(compile)], runtime=[runtime(*)]}))
Sending msg to client activator-ceb38eda-a615-4504-832b-5365b7455e4d: DetachedLogEvent(LogMessage(debug,dependency descriptor has been mediated: dependency: org.scala-lang#scala-library;2.10.4 {compile=[compile(*), master(compile)], runtime=[runtime(*)]} => dependency: org.scala-lang#scala-library;2.10.4 {compile=[compile(*), master(compile)], runtime=[runtime(*)]}))
Sending msg to client activator-ceb38eda-a615-4504-832b-5365b7455e4d: DetachedLogEvent(LogMessage(debug,dependency descriptor has been mediated: dependency: org.scala-lang#scala-reflect;2.10.4 {compile=[compile(*), master(compile)], runtime=[runtime(*)]} => dependency: org.scala-lang#scala-reflect;2.10.4 {compile=[compile(*), master(compile)], runtime=[runtime(*)]}))
Sending msg to client activator-ceb38eda-a615-4504-832b-5365b7455e4d: DetachedLogEvent(LogMessage(debug,dependency descriptor has been mediated: dependency: org.scala-lang#scala-library;2.10.4 {compile=[compile(*), master(compile)], runtime=[runtime(*)]} => dependency: org.scala-lang#scala-library;2.10.4 {compile=[compile(*), master(compile)], runtime=[runtime(*)]}))
Sending msg to client activator-ceb38eda-a615-4504-832b-5365b7455e4d: DetachedLogEvent(LogMessage(debug,dependency descriptor has been mediated: dependency: org.scala-lang#scala-reflect;2.10.4 {compile=[compile(*), master(compile)], runtime=[runtime(*)]} => dependency: org.scala-lang#scala-reflect;2.10.4 {compile=[compile(*), master(compile)], runtime=[runtime(*)]}))
Sending msg to client activator-ceb38eda-a615-4504-832b-5365b7455e4d: DetachedLogEvent(LogMessage(debug,dependency descriptor has been mediated: dependency: org.scala-lang#scala-library;2.10.4 {compile=[compile(*), master(compile)], runtime=[runtime(*)]} => dependency: org.scala-lang#scala-library;2.10.4 {compile=[compile(*), master(compile)], runtime=[runtime(*)]}))
Sending msg to client activator-ceb38eda-a615-4504-832b-5365b7455e4d: DetachedLogEvent(LogMessage(debug,dependency descriptor has been mediated: dependency: org.scala-lang#scala-reflect;2.10.4 {compile=[compile(*), master(compile)], runtime=[runtime(*)]} => dependency: org.scala-lang#scala-reflect;2.10.4 {compile=[compile(*), master(compile)], runtime=[runtime(*)]}))
Sending msg to client activator-ceb38eda-a615-4504-832b-5365b7455e4d: DetachedLogEvent(LogMessage(debug,dependency descriptor has been mediated: dependency: org.scala-lang#scala-compiler;2.10.5 {compile=[compile(*), master(compile)], runtime=[runtime(*)]} => dependency: org.scala-lang#scala-compiler;2.10.4 {compile=[compile(*), master(compile)], runtime=[runtime(*)]}))
Sending msg to client activator-ceb38eda-a615-4504-832b-5365b7455e4d: DetachedLogEvent(LogMessage(debug,dependency descriptor has been mediated: dependency: org.scala-lang#scala-library;2.10.5 {compile=[compile(*), master(compile)], runtime=[runtime(*)]} => dependency: org.scala-lang#scala-library;2.10.4 {compile=[compile(*), master(compile)], runtime=[runtime(*)]}))
Sending msg to client activator-ceb38eda-a615-4504-832b-5365b7455e4d: DetachedLogEvent(LogMessage(debug,dependency descriptor has been mediated: dependency: org.scala-lang#scala-compiler;2.10.5 {compile=[compile(*), master(compile)], runtime=[runtime(*)]} => dependency: org.scala-lang#scala-compiler;2.10.4 {compile=[compile(*), master(compile)], runtime=[runtime(*)]}))
Sending msg to client activator-ceb38eda-a615-4504-832b-5365b7455e4d: DetachedLogEvent(LogMessage(debug,dependency descriptor has been mediated: dependency: org.scala-lang#scala-library;2.10.5 {compile=[compile(*), master(compile)], runtime=[runtime(*)]} => dependency: org.scala-lang#scala-library;2.10.4 {compile=[compile(*), master(compile)], runtime=[runtime(*)]}))
Sending msg to client activator-ceb38eda-a615-4504-832b-5365b7455e4d: DetachedLogEvent(LogMessage(debug,dependency descriptor has been mediated: dependency: org.scala-lang#scala-compiler;2.10.5 {compile=[compile(*), master(compile)], runtime=[runtime(*)]} => dependency: org.scala-lang#scala-compiler;2.10.4 {compile=[compile(*), master(compile)], runtime=[runtime(*)]}))
Sending msg to client activator-ceb38eda-a615-4504-832b-5365b7455e4d: DetachedLogEvent(LogMessage(debug,dependency descriptor has been mediated: dependency: org.scala-lang#scala-library;2.10.5 {compile=[compile(*), master(compile)], runtime=[runtime(*)]} => dependency: org.scala-lang#scala-library;2.10.4 {compile=[compile(*), master(compile)], runtime=[runtime(*)]}))
Sending msg to client activator-ceb38eda-a615-4504-832b-5365b7455e4d: DetachedLogEvent(LogMessage(debug,dependency descriptor has been mediated: dependency: org.scala-lang#scala-compiler;2.10.5 {compile=[compile(*), master(compile)], runtime=[runtime(*)]} => dependency: org.scala-lang#scala-compiler;2.10.4 {compile=[compile(*), master(compile)], runtime=[runtime(*)]}))
Sending msg to client activator-ceb38eda-a615-4504-832b-5365b7455e4d: DetachedLogEvent(LogMessage(debug,dependency descriptor has been mediated: dependency: org.scala-lang#scala-library;2.10.5 {compile=[compile(*), master(compile)], runtime=[runtime(*)]} => dependency: org.scala-lang#scala-library;2.10.4 {compile=[compile(*), master(compile)], runtime=[runtime(*)]}))
Sending msg to client activator-ceb38eda-a615-4504-832b-5365b7455e4d: DetachedLogEvent(LogMessage(debug,dependency descriptor has been mediated: dependency: org.scala-lang#scala-compiler;2.10.5 {compile=[compile(*), master(compile)], runtime=[runtime(*)]} => dependency: org.scala-lang#scala-compiler;2.10.4 {compile=[compile(*), master(compile)], runtime=[runtime(*)]}))
Sending msg to client activator-ceb38eda-a615-4504-832b-5365b7455e4d: DetachedLogEvent(LogMessage(debug,dependency descriptor has been mediated: dependency: org.scala-lang#scala-library;2.10.5 {compile=[compile(*), master(compile)], runtime=[runtime(*)]} => dependency: org.scala-lang#scala-library;2.10.4 {compile=[compile(*), master(compile)], runtime=[runtime(*)]}))
Sending msg to client activator-ceb38eda-a615-4504-832b-5365b7455e4d: DetachedLogEvent(LogMessage(debug,dependency descriptor has been mediated: dependency: org.scala-lang#scala-library;2.10.4 {provided=[default(compile)]} => dependency: org.scala-lang#scala-library;2.10.4 {provided=[default(compile)]}))
Sending msg to client activator-ceb38eda-a615-4504-832b-5365b7455e4d: DetachedLogEvent(LogMessage(debug,dependency descriptor has been mediated: dependency: org.scala-lang#scala-library;2.10.4 {provided=[default(compile)]} => dependency: org.scala-lang#scala-library;2.10.4 {provided=[default(compile)]}))
Sending msg to client activator-ceb38eda-a615-4504-832b-5365b7455e4d: DetachedLogEvent(LogMessage(debug,dependency descriptor has been mediated: dependency: org.scala-lang#scala-library;2.10.6 {provided=[default(compile)]} => dependency: org.scala-lang#scala-library;2.10.4 {provided=[default(compile)]}))
Sending msg to client activator-ceb38eda-a615-4504-832b-5365b7455e4d: DetachedLogEvent(LogMessage(debug,dependency descriptor has been mediated: dependency: org.scala-lang#scala-reflect;2.10.6 {provided=[default(compile)]} => dependency: org.scala-lang#scala-reflect;2.10.4 {provided=[default(compile)]}))
Sending msg to client activator-ceb38eda-a615-4504-832b-5365b7455e4d: DetachedLogEvent(LogMessage(debug,dependency descriptor has been mediated: dependency: org.scala-lang#scala-library;2.10.6 {provided=[default(compile)]} => dependency: org.scala-lang#scala-library;2.10.4 {provided=[default(compile)]}))
Sending msg to client activator-ceb38eda-a615-4504-832b-5365b7455e4d: DetachedLogEvent(LogMessage(debug,dependency descriptor has been mediated: dependency: org.scala-lang#scala-reflect;2.10.6 {provided=[default(compile)]} => dependency: org.scala-lang#scala-reflect;2.10.4 {provided=[default(compile)]}))
Sending msg to client activator-ceb38eda-a615-4504-832b-5365b7455e4d: DetachedLogEvent(LogMessage(debug,dependency descriptor has been mediated: dependency: org.scala-lang#scala-compiler;2.10.4 {scala-tool=[default, optional(default)]} => dependency: org.scala-lang#scala-compiler;2.10.4 {scala-tool=[default, optional(default)]}))
Sending msg to client activator-ceb38eda-a615-4504-832b-5365b7455e4d: DetachedLogEvent(LogMessage(debug,dependency descriptor has been mediated: sbt.ivyint.MergedDescriptors@60df97dc => sbt.ivyint.MergedDescriptors@349617d4))
Sending msg to client activator-ceb38eda-a615-4504-832b-5365b7455e4d: DetachedLogEvent(LogStdOut([A[2K[info] Resolving org.scala-lang#scala-reflect;2.10.4 ...))
Sending msg to client activator-ceb38eda-a615-4504-832b-5365b7455e4d: DetachedLogEvent(LogMessage(info,Resolving org.scala-lang#scala-reflect;2.10.4 ...))
Sending msg to client activator-ceb38eda-a615-4504-832b-5365b7455e4d: DetachedLogEvent(LogMessage(debug,sbt-chain: Checking cache for: dependency: org.scala-lang#scala-reflect;2.10.4 {compile=[compile(*), master(compile)], runtime=[runtime(*)]}))
Sending msg to client activator-ceb38eda-a615-4504-832b-5365b7455e4d: DetachedLogEvent(LogMessage(debug,sbt-chain: module revision found in cache: org.scala-lang#scala-reflect;2.10.4))
Sending msg to client activator-ceb38eda-a615-4504-832b-5365b7455e4d: DetachedLogEvent(LogMessage(debug,	found org.scala-lang#scala-reflect;2.10.4 in sbt-chain))
Sending msg to client activator-ceb38eda-a615-4504-832b-5365b7455e4d: DetachedLogEvent(LogMessage(debug,	[2.10.4] org.scala-lang#scala-reflect;2.10.4))
Sending msg to client activator-ceb38eda-a615-4504-832b-5365b7455e4d: DetachedLogEvent(LogMessage(debug,dependency descriptor has been mediated: dependency: org.scala-lang#scala-library;2.10.4 {compile=[compile(*), master(compile)], runtime=[runtime(*)]} => dependency: org.scala-lang#scala-library;2.10.4 {compile=[compile(*), master(compile)], runtime=[runtime(*)]}))
Sending msg to client activator-ceb38eda-a615-4504-832b-5365b7455e4d: DetachedLogEvent(LogMessage(debug,== resolving dependencies org.scala-lang#scala-compiler;2.10.4->org.scala-lang#scala-reflect;2.10.4 [compile->compile(*)]))
Sending msg to client activator-ceb38eda-a615-4504-832b-5365b7455e4d: DetachedLogEvent(LogMessage(debug,dependency descriptor has been mediated: dependency: org.scala-lang#scala-library;2.10.4 {compile=[compile(*), master(compile)], runtime=[runtime(*)]} => dependency: org.scala-lang#scala-library;2.10.4 {compile=[compile(*), master(compile)], runtime=[runtime(*)]}))
Sending msg to client activator-ceb38eda-a615-4504-832b-5365b7455e4d: DetachedLogEvent(LogMessage(debug,== resolving dependencies org.scala-lang#scala-reflect;2.10.4->org.scala-lang#scala-library;2.10.4 [compile->master(compile)]))
Sending msg to client activator-ceb38eda-a615-4504-832b-5365b7455e4d: DetachedLogEvent(LogMessage(debug,dependency descriptor has been mediated: dependency: org.scala-lang#scala-library;2.10.4 {compile=[compile(*), master(compile)], runtime=[runtime(*)]} => dependency: org.scala-lang#scala-library;2.10.4 {compile=[compile(*), master(compile)], runtime=[runtime(*)]}))
Sending msg to client activator-ceb38eda-a615-4504-832b-5365b7455e4d: DetachedLogEvent(LogMessage(debug,dependency descriptor has been mediated: dependency: org.scala-lang#scala-library;2.10.4 {compile=[compile(*), master(compile)], runtime=[runtime(*)]} => dependency: org.scala-lang#scala-library;2.10.4 {compile=[compile(*), master(compile)], runtime=[runtime(*)]}))
Sending msg to client activator-ceb38eda-a615-4504-832b-5365b7455e4d: DetachedLogEvent(LogMessage(debug,dependency descriptor has been mediated: dependency: org.scala-lang#scala-library;2.10.4 {compile=[compile(*), master(compile)], runtime=[runtime(*)]} => dependency: org.scala-lang#scala-library;2.10.4 {compile=[compile(*), master(compile)], runtime=[runtime(*)]}))
Sending msg to client activator-ceb38eda-a615-4504-832b-5365b7455e4d: DetachedLogEvent(LogMessage(debug,dependency descriptor has been mediated: dependency: org.scala-lang#scala-library;2.10.4 {compile=[compile(*), master(compile)], runtime=[runtime(*)]} => dependency: org.scala-lang#scala-library;2.10.4 {compile=[compile(*), master(compile)], runtime=[runtime(*)]}))
Sending msg to client activator-ceb38eda-a615-4504-832b-5365b7455e4d: DetachedLogEvent(LogMessage(debug,== resolving dependencies org.scala-lang#scala-reflect;2.10.4->org.scala-lang#scala-library;2.10.4 [compile->compile(*)]))
Sending msg to client activator-ceb38eda-a615-4504-832b-5365b7455e4d: DetachedLogEvent(LogMessage(debug,== resolving dependencies com.typesafe.play#twirl-compiler_2.10;1.1.1->org.scala-lang#scala-compiler;2.10.4 [compile->runtime(*)]))
Sending msg to client activator-ceb38eda-a615-4504-832b-5365b7455e4d: DetachedLogEvent(LogMessage(debug,== resolving dependencies com.typesafe.play#twirl-compiler_2.10;1.1.1->org.scala-lang#scala-compiler;2.10.4 [compile->compile]))
Sending msg to client activator-ceb38eda-a615-4504-832b-5365b7455e4d: DetachedLogEvent(LogMessage(debug,dependency descriptor has been mediated: dependency: org.scala-lang#scala-library;2.10.4 {compile=[compile(*), master(compile)], runtime=[runtime(*)]} => dependency: org.scala-lang#scala-library;2.10.4 {compile=[compile(*), master(compile)], runtime=[runtime(*)]}))
Sending msg to client activator-ceb38eda-a615-4504-832b-5365b7455e4d: DetachedLogEvent(LogMessage(debug,dependency descriptor has been mediated: dependency: org.scala-lang#scala-reflect;2.10.4 {compile=[compile(*), master(compile)], runtime=[runtime(*)]} => dependency: org.scala-lang#scala-reflect;2.10.4 {compile=[compile(*), master(compile)], runtime=[runtime(*)]}))
Sending msg to client activator-ceb38eda-a615-4504-832b-5365b7455e4d: DetachedLogEvent(LogMessage(debug,== resolving dependencies org.scala-lang#scala-compiler;2.10.4->org.scala-lang#scala-library;2.10.4 [runtime->runtime(*)]))
Sending msg to client activator-ceb38eda-a615-4504-832b-5365b7455e4d: DetachedLogEvent(LogMessage(debug,== resolving dependencies org.scala-lang#scala-compiler;2.10.4->org.scala-lang#scala-library;2.10.4 [runtime->compile]))
Sending msg to client activator-ceb38eda-a615-4504-832b-5365b7455e4d: DetachedLogEvent(LogMessage(debug,== resolving dependencies org.scala-lang#scala-compiler;2.10.4->org.scala-lang#scala-reflect;2.10.4 [runtime->runtime(*)]))
Sending msg to client activator-ceb38eda-a615-4504-832b-5365b7455e4d: DetachedLogEvent(LogMessage(debug,== resolving dependencies org.scala-lang#scala-compiler;2.10.4->org.scala-lang#scala-reflect;2.10.4 [runtime->compile]))
Sending msg to client activator-ceb38eda-a615-4504-832b-5365b7455e4d: DetachedLogEvent(LogMessage(debug,dependency descriptor has been mediated: dependency: org.scala-lang#scala-library;2.10.4 {compile=[compile(*), master(compile)], runtime=[runtime(*)]} => dependency: org.scala-lang#scala-library;2.10.4 {compile=[compile(*), master(compile)], runtime=[runtime(*)]}))
Sending msg to client activator-ceb38eda-a615-4504-832b-5365b7455e4d: DetachedLogEvent(LogMessage(debug,== resolving dependencies org.scala-lang#scala-reflect;2.10.4->org.scala-lang#scala-library;2.10.4 [runtime->runtime(*)]))
Sending msg to client activator-ceb38eda-a615-4504-832b-5365b7455e4d: DetachedLogEvent(LogMessage(debug,== resolving dependencies org.scala-lang#scala-reflect;2.10.4->org.scala-lang#scala-library;2.10.4 [runtime->compile]))
Sending msg to client activator-ceb38eda-a615-4504-832b-5365b7455e4d: DetachedLogEvent(LogMessage(debug,== resolving dependencies com.typesafe.play#twirl-compiler_2.10;1.1.1->org.scala-lang#scala-library;2.10.4 [compile->master(compile)]))
Sending msg to client activator-ceb38eda-a615-4504-832b-5365b7455e4d: DetachedLogEvent(LogMessage(debug,== resolving dependencies com.typesafe.play#twirl-compiler_2.10;1.1.1->org.scala-lang#scala-library;2.10.4 [compile->compile(*)]))
Sending msg to client activator-ceb38eda-a615-4504-832b-5365b7455e4d: DetachedLogEvent(LogMessage(debug,== resolving dependencies com.typesafe.play#twirl-compiler_2.10;1.1.1->com.typesafe.play#twirl-api_2.10;1.1.1 [compile->master(compile)]))
Sending msg to client activator-ceb38eda-a615-4504-832b-5365b7455e4d: DetachedLogEvent(LogMessage(debug,dependency descriptor has been mediated: dependency: org.scala-lang#scala-compiler;2.10.5 {compile=[compile(*), master(compile)], runtime=[runtime(*)]} => dependency: org.scala-lang#scala-compiler;2.10.4 {compile=[compile(*), master(compile)], runtime=[runtime(*)]}))
Sending msg to client activator-ceb38eda-a615-4504-832b-5365b7455e4d: DetachedLogEvent(LogMessage(debug,dependency descriptor has been mediated: dependency: org.scala-lang#scala-library;2.10.5 {compile=[compile(*), master(compile)], runtime=[runtime(*)]} => dependency: org.scala-lang#scala-library;2.10.4 {compile=[compile(*), master(compile)], runtime=[runtime(*)]}))
Sending msg to client activator-ceb38eda-a615-4504-832b-5365b7455e4d: DetachedLogEvent(LogMessage(debug,dependency descriptor has been mediated: dependency: org.scala-lang#scala-compiler;2.10.5 {compile=[compile(*), master(compile)], runtime=[runtime(*)]} => dependency: org.scala-lang#scala-compiler;2.10.4 {compile=[compile(*), master(compile)], runtime=[runtime(*)]}))
Sending msg to client activator-ceb38eda-a615-4504-832b-5365b7455e4d: DetachedLogEvent(LogMessage(debug,dependency descriptor has been mediated: dependency: org.scala-lang#scala-library;2.10.5 {compile=[compile(*), master(compile)], runtime=[runtime(*)]} => dependency: org.scala-lang#scala-library;2.10.4 {compile=[compile(*), master(compile)], runtime=[runtime(*)]}))
Sending msg to client activator-ceb38eda-a615-4504-832b-5365b7455e4d: DetachedLogEvent(LogMessage(debug,dependency descriptor has been mediated: dependency: org.scala-lang#scala-compiler;2.10.5 {compile=[compile(*), master(compile)], runtime=[runtime(*)]} => dependency: org.scala-lang#scala-compiler;2.10.4 {compile=[compile(*), master(compile)], runtime=[runtime(*)]}))
Sending msg to client activator-ceb38eda-a615-4504-832b-5365b7455e4d: DetachedLogEvent(LogMessage(debug,dependency descriptor has been mediated: dependency: org.scala-lang#scala-library;2.10.5 {compile=[compile(*), master(compile)], runtime=[runtime(*)]} => dependency: org.scala-lang#scala-library;2.10.4 {compile=[compile(*), master(compile)], runtime=[runtime(*)]}))
Sending msg to client activator-ceb38eda-a615-4504-832b-5365b7455e4d: DetachedLogEvent(LogMessage(debug,dependency descriptor has been mediated: dependency: org.scala-lang#scala-compiler;2.10.5 {compile=[compile(*), master(compile)], runtime=[runtime(*)]} => dependency: org.scala-lang#scala-compiler;2.10.4 {compile=[compile(*), master(compile)], runtime=[runtime(*)]}))
Sending msg to client activator-ceb38eda-a615-4504-832b-5365b7455e4d: DetachedLogEvent(LogMessage(debug,dependency descriptor has been mediated: dependency: org.scala-lang#scala-library;2.10.5 {compile=[compile(*), master(compile)], runtime=[runtime(*)]} => dependency: org.scala-lang#scala-library;2.10.4 {compile=[compile(*), master(compile)], runtime=[runtime(*)]}))
Sending msg to client activator-ceb38eda-a615-4504-832b-5365b7455e4d: DetachedLogEvent(LogMessage(debug,dependency descriptor has been mediated: dependency: org.scala-lang#scala-compiler;2.10.5 {compile=[compile(*), master(compile)], runtime=[runtime(*)]} => dependency: org.scala-lang#scala-compiler;2.10.4 {compile=[compile(*), master(compile)], runtime=[runtime(*)]}))
Sending msg to client activator-ceb38eda-a615-4504-832b-5365b7455e4d: DetachedLogEvent(LogMessage(debug,dependency descriptor has been mediated: dependency: org.scala-lang#scala-library;2.10.5 {compile=[compile(*), master(compile)], runtime=[runtime(*)]} => dependency: org.scala-lang#scala-library;2.10.4 {compile=[compile(*), master(compile)], runtime=[runtime(*)]}))
Sending msg to client activator-ceb38eda-a615-4504-832b-5365b7455e4d: DetachedLogEvent(LogMessage(debug,dependency descriptor has been mediated: dependency: org.scala-lang#scala-library;2.10.4 {provided=[default(compile)]} => dependency: org.scala-lang#scala-library;2.10.4 {provided=[default(compile)]}))
Sending msg to client activator-ceb38eda-a615-4504-832b-5365b7455e4d: DetachedLogEvent(LogMessage(debug,dependency descriptor has been mediated: dependency: org.scala-lang#scala-library;2.10.4 {provided=[default(compile)]} => dependency: org.scala-lang#scala-library;2.10.4 {provided=[default(compile)]}))
Sending msg to client activator-ceb38eda-a615-4504-832b-5365b7455e4d: DetachedLogEvent(LogMessage(debug,== resolving dependencies com.typesafe.play#twirl-compiler_2.10;1.1.1->com.typesafe.play#twirl-api_2.10;1.1.1 [compile->compile(*)]))
Sending msg to client activator-ceb38eda-a615-4504-832b-5365b7455e4d: DetachedLogEvent(LogMessage(debug,== resolving dependencies com.typesafe.play#twirl-compiler_2.10;1.1.1->com.typesafe.play#twirl-parser_2.10;1.1.1 [compile->master(compile)]))
Sending msg to client activator-ceb38eda-a615-4504-832b-5365b7455e4d: DetachedLogEvent(LogMessage(debug,dependency descriptor has been mediated: dependency: org.scala-lang#scala-compiler;2.10.5 {compile=[compile(*), master(compile)], runtime=[runtime(*)]} => dependency: org.scala-lang#scala-compiler;2.10.4 {compile=[compile(*), master(compile)], runtime=[runtime(*)]}))
Sending msg to client activator-ceb38eda-a615-4504-832b-5365b7455e4d: DetachedLogEvent(LogMessage(debug,dependency descriptor has been mediated: dependency: org.scala-lang#scala-library;2.10.5 {compile=[compile(*), master(compile)], runtime=[runtime(*)]} => dependency: org.scala-lang#scala-library;2.10.4 {compile=[compile(*), master(compile)], runtime=[runtime(*)]}))
Sending msg to client activator-ceb38eda-a615-4504-832b-5365b7455e4d: DetachedLogEvent(LogMessage(debug,dependency descriptor has been mediated: dependency: org.scala-lang#scala-compiler;2.10.5 {compile=[compile(*), master(compile)], runtime=[runtime(*)]} => dependency: org.scala-lang#scala-compiler;2.10.4 {compile=[compile(*), master(compile)], runtime=[runtime(*)]}))
Sending msg to client activator-ceb38eda-a615-4504-832b-5365b7455e4d: DetachedLogEvent(LogMessage(debug,dependency descriptor has been mediated: dependency: org.scala-lang#scala-library;2.10.5 {compile=[compile(*), master(compile)], runtime=[runtime(*)]} => dependency: org.scala-lang#scala-library;2.10.4 {compile=[compile(*), master(compile)], runtime=[runtime(*)]}))
Sending msg to client activator-ceb38eda-a615-4504-832b-5365b7455e4d: DetachedLogEvent(LogMessage(debug,dependency descriptor has been mediated: dependency: org.scala-lang#scala-compiler;2.10.5 {compile=[compile(*), master(compile)], runtime=[runtime(*)]} => dependency: org.scala-lang#scala-compiler;2.10.4 {compile=[compile(*), master(compile)], runtime=[runtime(*)]}))
Sending msg to client activator-ceb38eda-a615-4504-832b-5365b7455e4d: DetachedLogEvent(LogMessage(debug,dependency descriptor has been mediated: dependency: org.scala-lang#scala-library;2.10.5 {compile=[compile(*), master(compile)], runtime=[runtime(*)]} => dependency: org.scala-lang#scala-library;2.10.4 {compile=[compile(*), master(compile)], runtime=[runtime(*)]}))
Sending msg to client activator-ceb38eda-a615-4504-832b-5365b7455e4d: DetachedLogEvent(LogMessage(debug,dependency descriptor has been mediated: dependency: org.scala-lang#scala-compiler;2.10.5 {compile=[compile(*), master(compile)], runtime=[runtime(*)]} => dependency: org.scala-lang#scala-compiler;2.10.4 {compile=[compile(*), master(compile)], runtime=[runtime(*)]}))
Sending msg to client activator-ceb38eda-a615-4504-832b-5365b7455e4d: DetachedLogEvent(LogMessage(debug,dependency descriptor has been mediated: dependency: org.scala-lang#scala-library;2.10.5 {compile=[compile(*), master(compile)], runtime=[runtime(*)]} => dependency: org.scala-lang#scala-library;2.10.4 {compile=[compile(*), master(compile)], runtime=[runtime(*)]}))
Sending msg to client activator-ceb38eda-a615-4504-832b-5365b7455e4d: DetachedLogEvent(LogMessage(debug,dependency descriptor has been mediated: dependency: org.scala-lang#scala-compiler;2.10.5 {compile=[compile(*), master(compile)], runtime=[runtime(*)]} => dependency: org.scala-lang#scala-compiler;2.10.4 {compile=[compile(*), master(compile)], runtime=[runtime(*)]}))
Sending msg to client activator-ceb38eda-a615-4504-832b-5365b7455e4d: DetachedLogEvent(LogMessage(debug,dependency descriptor has been mediated: dependency: org.scala-lang#scala-library;2.10.5 {compile=[compile(*), master(compile)], runtime=[runtime(*)]} => dependency: org.scala-lang#scala-library;2.10.4 {compile=[compile(*), master(compile)], runtime=[runtime(*)]}))
Sending msg to client activator-ceb38eda-a615-4504-832b-5365b7455e4d: DetachedLogEvent(LogMessage(debug,dependency descriptor has been mediated: dependency: org.scala-lang#scala-library;2.10.4 {provided=[default(compile)]} => dependency: org.scala-lang#scala-library;2.10.4 {provided=[default(compile)]}))
Sending msg to client activator-ceb38eda-a615-4504-832b-5365b7455e4d: DetachedLogEvent(LogMessage(debug,dependency descriptor has been mediated: dependency: org.scala-lang#scala-library;2.10.4 {provided=[default(compile)]} => dependency: org.scala-lang#scala-library;2.10.4 {provided=[default(compile)]}))
Sending msg to client activator-ceb38eda-a615-4504-832b-5365b7455e4d: DetachedLogEvent(LogMessage(debug,dependency descriptor has been mediated: dependency: org.scala-lang#scala-library;2.10.6 {provided=[default(compile)]} => dependency: org.scala-lang#scala-library;2.10.4 {provided=[default(compile)]}))
Sending msg to client activator-ceb38eda-a615-4504-832b-5365b7455e4d: DetachedLogEvent(LogMessage(debug,dependency descriptor has been mediated: dependency: org.scala-lang#scala-reflect;2.10.6 {provided=[default(compile)]} => dependency: org.scala-lang#scala-reflect;2.10.4 {provided=[default(compile)]}))
Sending msg to client activator-ceb38eda-a615-4504-832b-5365b7455e4d: DetachedLogEvent(LogMessage(debug,dependency descriptor has been mediated: dependency: org.scala-lang#scala-library;2.10.6 {provided=[default(compile)]} => dependency: org.scala-lang#scala-library;2.10.4 {provided=[default(compile)]}))
Sending msg to client activator-ceb38eda-a615-4504-832b-5365b7455e4d: DetachedLogEvent(LogMessage(debug,dependency descriptor has been mediated: dependency: org.scala-lang#scala-reflect;2.10.6 {provided=[default(compile)]} => dependency: org.scala-lang#scala-reflect;2.10.4 {provided=[default(compile)]}))
Sending msg to client activator-ceb38eda-a615-4504-832b-5365b7455e4d: DetachedLogEvent(LogMessage(debug,dependency descriptor has been mediated: dependency: org.scala-lang#scala-compiler;2.10.4 {scala-tool=[default, optional(default)]} => dependency: org.scala-lang#scala-compiler;2.10.4 {scala-tool=[default, optional(default)]}))
Sending msg to client activator-ceb38eda-a615-4504-832b-5365b7455e4d: DetachedLogEvent(LogMessage(debug,dependency descriptor has been mediated: sbt.ivyint.MergedDescriptors@60df97dc => sbt.ivyint.MergedDescriptors@677406e))
Sending msg to client activator-ceb38eda-a615-4504-832b-5365b7455e4d: DetachedLogEvent(LogStdOut([A[2K[info] Resolving com.typesafe.play#twirl-parser_2.10;1.1.1 ...))
Sending msg to client activator-ceb38eda-a615-4504-832b-5365b7455e4d: DetachedLogEvent(LogMessage(info,Resolving com.typesafe.play#twirl-parser_2.10;1.1.1 ...))
Sending msg to client activator-ceb38eda-a615-4504-832b-5365b7455e4d: DetachedLogEvent(LogMessage(debug,sbt-chain: Checking cache for: dependency: com.typesafe.play#twirl-parser_2.10;1.1.1 {compile=[compile(*), master(compile)], runtime=[runtime(*)]}))
Sending msg to client activator-ceb38eda-a615-4504-832b-5365b7455e4d: DetachedLogEvent(LogMessage(debug,sbt-chain: module revision found in cache: com.typesafe.play#twirl-parser_2.10;1.1.1))
Sending msg to client activator-ceb38eda-a615-4504-832b-5365b7455e4d: DetachedLogEvent(LogMessage(debug,	found com.typesafe.play#twirl-parser_2.10;1.1.1 in sbt-chain))
Sending msg to client activator-ceb38eda-a615-4504-832b-5365b7455e4d: DetachedLogEvent(LogMessage(debug,dependency descriptor has been mediated: dependency: org.scala-lang#scala-library;2.10.5 {compile=[compile(*), master(compile)], runtime=[runtime(*)]} => dependency: org.scala-lang#scala-library;2.10.4 {compile=[compile(*), master(compile)], runtime=[runtime(*)]}))
Sending msg to client activator-ceb38eda-a615-4504-832b-5365b7455e4d: DetachedLogEvent(LogMessage(debug,== resolving dependencies com.typesafe.play#twirl-compiler_2.10;1.1.1->com.typesafe.play#twirl-parser_2.10;1.1.1 [compile->compile(*)]))
Sending msg to client activator-ceb38eda-a615-4504-832b-5365b7455e4d: DetachedLogEvent(LogMessage(debug,dependency descriptor has been mediated: dependency: org.scala-lang#scala-library;2.10.5 {compile=[compile(*), master(compile)], runtime=[runtime(*)]} => dependency: org.scala-lang#scala-library;2.10.4 {compile=[compile(*), master(compile)], runtime=[runtime(*)]}))
Sending msg to client activator-ceb38eda-a615-4504-832b-5365b7455e4d: DetachedLogEvent(LogMessage(debug,== resolving dependencies com.typesafe.play#twirl-parser_2.10;1.1.1->org.scala-lang#scala-library;2.10.4 [compile->master(compile)]))
Sending msg to client activator-ceb38eda-a615-4504-832b-5365b7455e4d: DetachedLogEvent(LogMessage(debug,dependency descriptor has been mediated: dependency: org.scala-lang#scala-library;2.10.5 {compile=[compile(*), master(compile)], runtime=[runtime(*)]} => dependency: org.scala-lang#scala-library;2.10.4 {compile=[compile(*), master(compile)], runtime=[runtime(*)]}))
Sending msg to client activator-ceb38eda-a615-4504-832b-5365b7455e4d: DetachedLogEvent(LogMessage(debug,dependency descriptor has been mediated: dependency: org.scala-lang#scala-library;2.10.5 {compile=[compile(*), master(compile)], runtime=[runtime(*)]} => dependency: org.scala-lang#scala-library;2.10.4 {compile=[compile(*), master(compile)], runtime=[runtime(*)]}))
Sending msg to client activator-ceb38eda-a615-4504-832b-5365b7455e4d: DetachedLogEvent(LogMessage(debug,dependency descriptor has been mediated: dependency: org.scala-lang#scala-library;2.10.5 {compile=[compile(*), master(compile)], runtime=[run