New log file opened at Wed Jun 01 15:44:41 KST 2016 by 9613@Seans-MacBook-Pro.local
jvm 9613@Seans-MacBook-Pro.local
jvm vmName=Java HotSpot(TM) 64-Bit Server VM vmVendor=Oracle Corporation vmVersion=25.65-b01
jvm specName=Java Virtual Machine Specification specVendor=Oracle Corporation specVersion=1.8
jvm arguments: [-Xms256m, -Xmx1024m, -XX:MetaspaceSize=64m, -XX:MaxMetaspaceSize=256m]
Starting event engine
Starting sbt command engine
Waiting for sbt command engine
Command engine arguments=List()
Command engine baseDirectory=/Users/sean/Documents/works/Scala_TEST
Command engine initial remaining commands List(--initialize, onFailure load-failed, boot, server-send-ready-for-request, server-handle-next-server-request)
> --initialize
> initialize
> onFailure load-failed
> boot
> reload
[Loading] Scanning directory /Users/sean/Documents/works/Scala_TEST/project
[Loading] Found non-root projects 
[Loading] Done in /Users/sean/Documents/works/Scala_TEST/project, returning: ()
deducing auto plugins based on known facts Set(Atom(sbt.plugins.CorePlugin)) and clauses Clauses(List(Clause(Atom(sbt.plugins.JvmPlugin),Set(Atom(sbt.plugins.IvyPlugin))), Clause(Atom(sbt.plugins.JUnitXmlReportPlugin),Set(Atom(sbt.plugins.JvmPlugin))), Clause(Atom(sbt.plugins.CorePlugin),Set(Atom(sbt.plugins.IvyPlugin))), Clause(Atom(sbt.plugins.IvyPlugin),Set(Atom(sbt.plugins.JvmPlugin))), Clause(Atom(sbt.plugins.JvmPlugin),Set(Atom(sbt.plugins.JUnitXmlReportPlugin)))))
  :: deduced result: Matched(sbt.plugins.CorePlugin,sbt.plugins.IvyPlugin,sbt.plugins.JvmPlugin,sbt.plugins.JUnitXmlReportPlugin)
sorting: ns: List(sbt.plugins.CorePlugin, sbt.plugins.IvyPlugin, sbt.plugins.JvmPlugin, sbt.plugins.JUnitXmlReportPlugin)
  :: sorting:: found: List(sbt.plugins.CorePlugin) not found List(sbt.plugins.IvyPlugin, sbt.plugins.JvmPlugin, sbt.plugins.JUnitXmlReportPlugin)
  :: sorting:: found: List(sbt.plugins.CorePlugin, sbt.plugins.IvyPlugin) not found List(sbt.plugins.JvmPlugin, sbt.plugins.JUnitXmlReportPlugin)
  :: sorting:: found: List(sbt.plugins.CorePlugin, sbt.plugins.IvyPlugin, sbt.plugins.JvmPlugin) not found List(sbt.plugins.JUnitXmlReportPlugin)
  :: sorting:: found: List(sbt.plugins.CorePlugin, sbt.plugins.IvyPlugin, sbt.plugins.JvmPlugin, sbt.plugins.JUnitXmlReportPlugin) not found List()
  :: sorted deduced result: List(sbt.plugins.CorePlugin, sbt.plugins.IvyPlugin, sbt.plugins.JvmPlugin, sbt.plugins.JUnitXmlReportPlugin)
[Loading] Done in /Users/sean/Documents/works/Scala_TEST/project, returning: (scala_test-build)
Loading project definition from /Users/sean/Documents/works/Scala_TEST/project
Running task... Cancel: sbt.TaskCancellationStrategy$Null$@3f2ae620, check cycles: false
[info] Updating {file:/Users/sean/Documents/works/Scala_TEST/project/}scala_test-build...
Updating {file:/Users/sean/Documents/works/Scala_TEST/project/}scala_test-build...
Other repositories:
Default repositories:
Using inline dependencies specified in Scala.
:: resolving dependencies :: default#scala_test-build;0.1-SNAPSHOT
	confs: [compile, runtime, test, provided, optional, compile-internal, runtime-internal, test-internal, plugin, sources, docs, pom, scala-tool]
	validate = true
	refresh = false
resolving dependencies for configuration 'compile'
== resolving dependencies for default#scala_test-build;0.1-SNAPSHOT [compile]
== resolving dependencies default#scala_test-build;0.1-SNAPSHOT->com.typesafe.play#sbt-plugin;2.5.3 [compile->default(compile)]
[info] Resolving com.typesafe.play#sbt-plugin;2.5.3 ...
Resolving com.typesafe.play#sbt-plugin;2.5.3 ...
sbt-chain: Checking cache for: dependency: com.typesafe.play#sbt-plugin;2.5.3 {compile=[default(compile)]}
[A[2K[info] Resolving com.typesafe.play#sbt-plugin;2.5.3 ...
Resolving com.typesafe.play#sbt-plugin;2.5.3 ...
sbt-chain-delegate: Checking cache for: dependency: com.typesafe.play#sbt-plugin;2.5.3 {compile=[default(compile)]}
		tried https://repo.typesafe.com/typesafe/ivy-releases/com.typesafe.play/sbt-plugin/scala_2.10/sbt_0.13/2.5.3/ivys/ivy.xml
CLIENT ERROR: Not Found url=https://repo.typesafe.com/typesafe/ivy-releases/com.typesafe.play/sbt-plugin/scala_2.10/sbt_0.13/2.5.3/ivys/ivy.xml
	typesafe-ivy-releases: no ivy file found for com.typesafe.play#sbt-plugin;2.5.3
		tried https://repo.scala-sbt.org/scalasbt/sbt-plugin-releases/com.typesafe.play/sbt-plugin/scala_2.10/sbt_0.13/2.5.3/ivys/ivy.xml
	sbt-plugin-releases: found md file for com.typesafe.play#sbt-plugin;2.5.3
		=> https://repo.scala-sbt.org/scalasbt/sbt-plugin-releases/com.typesafe.play/sbt-plugin/scala_2.10/sbt_0.13/2.5.3/ivys/ivy.xml (2.5.3)
downloading https://repo.scala-sbt.org/scalasbt/sbt-plugin-releases/com.typesafe.play/sbt-plugin/scala_2.10/sbt_0.13/2.5.3/ivys/ivy.xml ...
	sbt-plugin-releases: downloading https://repo.scala-sbt.org/scalasbt/sbt-plugin-releases/com.typesafe.play/sbt-plugin/scala_2.10/sbt_0.13/2.5.3/ivys/ivy.xml
	sbt-plugin-releases: downloading https://repo.scala-sbt.org/scalasbt/sbt-plugin-releases/com.typesafe.play/sbt-plugin/scala_2.10/sbt_0.13/2.5.3/ivys/ivy.xml.sha1
sha1 OK for https://repo.scala-sbt.org/scalasbt/sbt-plugin-releases/com.typesafe.play/sbt-plugin/scala_2.10/sbt_0.13/2.5.3/ivys/ivy.xml
	[SUCCESSFUL ] com.typesafe.play#sbt-plugin;2.5.3!ivy.xml(ivy.original) (3705ms)
	found com.typesafe.play#sbt-plugin;2.5.3 in sbt-plugin-releases
dependency descriptor has been mediated: dependency: org.scala-lang#scala-library;2.10.6 {provided=[default(compile)]} => dependency: org.scala-lang#scala-library;2.10.4 {provided=[default(compile)]}
dependency descriptor has been mediated: dependency: org.scala-lang#scala-reflect;2.10.6 {provided=[default(compile)]} => dependency: org.scala-lang#scala-reflect;2.10.4 {provided=[default(compile)]}
== resolving dependencies com.typesafe.play#sbt-plugin;2.5.3->com.typesafe.play#sbt-routes-compiler_2.10;2.5.3 [compile->default(compile)]
dependency descriptor has been mediated: dependency: org.scala-lang#scala-library;2.10.6 {provided=[default(compile)]} => dependency: org.scala-lang#scala-library;2.10.4 {provided=[default(compile)]}
dependency descriptor has been mediated: dependency: org.scala-lang#scala-reflect;2.10.6 {provided=[default(compile)]} => dependency: org.scala-lang#scala-reflect;2.10.4 {provided=[default(compile)]}
dependency descriptor has been mediated: dependency: org.scala-lang#scala-library;2.10.6 {provided=[default(compile)]} => dependency: org.scala-lang#scala-library;2.10.4 {provided=[default(compile)]}
dependency descriptor has been mediated: dependency: org.scala-lang#scala-reflect;2.10.6 {provided=[default(compile)]} => dependency: org.scala-lang#scala-reflect;2.10.4 {provided=[default(compile)]}
dependency descriptor has been mediated: dependency: org.scala-lang#scala-compiler;2.10.4 {scala-tool=[default, optional(default)]} => dependency: org.scala-lang#scala-compiler;2.10.4 {scala-tool=[default, optional(default)]}
dependency descriptor has been mediated: sbt.ivyint.MergedDescriptors@60df97dc => sbt.ivyint.MergedDescriptors@3b0ac3a4
[A[2K[info] Resolving com.typesafe.play#sbt-routes-compiler_2.10;2.5.3 ...
Resolving com.typesafe.play#sbt-routes-compiler_2.10;2.5.3 ...
sbt-chain: Checking cache for: dependency: com.typesafe.play#sbt-routes-compiler_2.10;2.5.3 {compile=[default(compile)]}
[A[2K[info] Resolving com.typesafe.play#sbt-routes-compiler_2.10;2.5.3 ...
Resolving com.typesafe.play#sbt-routes-compiler_2.10;2.5.3 ...
sbt-chain-delegate: Checking cache for: dependency: com.typesafe.play#sbt-routes-compiler_2.10;2.5.3 {compile=[default(compile)]}
		tried https://repo.typesafe.com/typesafe/ivy-releases/com.typesafe.play/sbt-routes-compiler_2.10/2.5.3/ivys/ivy.xml
CLIENT ERROR: Not Found url=https://repo.typesafe.com/typesafe/ivy-releases/com.typesafe.play/sbt-routes-compiler_2.10/2.5.3/ivys/ivy.xml
	typesafe-ivy-releases: no ivy file found for com.typesafe.play#sbt-routes-compiler_2.10;2.5.3
		tried https://repo.scala-sbt.org/scalasbt/sbt-plugin-releases/com.typesafe.play/sbt-routes-compiler_2.10/2.5.3/ivys/ivy.xml
CLIENT ERROR: Not Found url=https://repo.scala-sbt.org/scalasbt/sbt-plugin-releases/com.typesafe.play/sbt-routes-compiler_2.10/2.5.3/ivys/ivy.xml
	sbt-plugin-releases: no ivy file found for com.typesafe.play#sbt-routes-compiler_2.10;2.5.3
		tried /Users/sean/.ivy2/local/com.typesafe.play/sbt-routes-compiler_2.10/2.5.3/ivys/ivy.xml
	local: no ivy file found for com.typesafe.play#sbt-routes-compiler_2.10;2.5.3
		tried /Users/sean/.activator/repository/com.typesafe.play/sbt-routes-compiler_2.10/2.5.3/ivys/ivy.xml
	activator-launcher-local: no ivy file found for com.typesafe.play#sbt-routes-compiler_2.10;2.5.3
		tried /Users/sean/Documents/activator/repository/com.typesafe.play/sbt-routes-compiler_2.10/2.5.3/ivys/ivy.xml
	activator-local: no ivy file found for com.typesafe.play#sbt-routes-compiler_2.10;2.5.3
		tried https://repo1.maven.org/maven2/com/typesafe/play/sbt-routes-compiler_2.10/2.5.3/sbt-routes-compiler_2.10-2.5.3.pom
	public: found md file for com.typesafe.play#sbt-routes-compiler_2.10;2.5.3
		=> https://repo1.maven.org/maven2/com/typesafe/play/sbt-routes-compiler_2.10/2.5.3/sbt-routes-compiler_2.10-2.5.3.pom (2.5.3)
downloading https://repo1.maven.org/maven2/com/typesafe/play/sbt-routes-compiler_2.10/2.5.3/sbt-routes-compiler_2.10-2.5.3.pom ...
	public: downloading https://repo1.maven.org/maven2/com/typesafe/play/sbt-routes-compiler_2.10/2.5.3/sbt-routes-compiler_2.10-2.5.3.pom
	public: downloading https://repo1.maven.org/maven2/com/typesafe/play/sbt-routes-compiler_2.10/2.5.3/sbt-routes-compiler_2.10-2.5.3.pom.sha1
sha1 OK for https://repo1.maven.org/maven2/com/typesafe/play/sbt-routes-compiler_2.10/2.5.3/sbt-routes-compiler_2.10-2.5.3.pom
	[SUCCESSFUL ] com.typesafe.play#sbt-routes-compiler_2.10;2.5.3!sbt-routes-compiler_2.10.pom(pom.original) (600ms)
		tried https://repo.typesafe.com/typesafe/ivy-releases/com.typesafe.play/sbt-routes-compiler_2.10/2.5.3/jars/sbt-routes-compiler_2.10.jar
CLIENT ERROR: Not Found url=https://repo.typesafe.com/typesafe/ivy-releases/com.typesafe.play/sbt-routes-compiler_2.10/2.5.3/jars/sbt-routes-compiler_2.10.jar
		tried https://repo.scala-sbt.org/scalasbt/sbt-plugin-releases/com.typesafe.play/sbt-routes-compiler_2.10/2.5.3/jars/sbt-routes-compiler_2.10.jar
CLIENT ERROR: Not Found url=https://repo.scala-sbt.org/scalasbt/sbt-plugin-releases/com.typesafe.play/sbt-routes-compiler_2.10/2.5.3/jars/sbt-routes-compiler_2.10.jar
		tried /Users/sean/.ivy2/local/com.typesafe.play/sbt-routes-compiler_2.10/2.5.3/jars/sbt-routes-compiler_2.10.jar
		tried /Users/sean/.activator/repository/com.typesafe.play/sbt-routes-compiler_2.10/2.5.3/jars/sbt-routes-compiler_2.10.jar
		tried /Users/sean/Documents/activator/repository/com.typesafe.play/sbt-routes-compiler_2.10/2.5.3/jars/sbt-routes-compiler_2.10.jar
		tried https://repo1.maven.org/maven2/com/typesafe/play/sbt-routes-compiler_2.10/2.5.3/sbt-routes-compiler_2.10-2.5.3.jar
	found com.typesafe.play#sbt-routes-compiler_2.10;2.5.3 in public
== resolving dependencies com.typesafe.play#sbt-plugin;2.5.3->com.typesafe.play#sbt-routes-compiler_2.10;2.5.3 [compile->runtime]
== resolving dependencies com.typesafe.play#sbt-plugin;2.5.3->com.typesafe.play#sbt-routes-compiler_2.10;2.5.3 [compile->compile]
dependency descriptor has been mediated: dependency: org.scala-lang#scala-library;2.10.6 {compile=[compile(*), master(compile)], runtime=[runtime(*)]} => dependency: org.scala-lang#scala-library;2.10.4 {compile=[compile(*), master(compile)], runtime=[runtime(*)]}
== resolving dependencies com.typesafe.play#sbt-routes-compiler_2.10;2.5.3->org.scala-lang#scala-library;2.10.4 [compile->master(compile)]
dependency descriptor has been mediated: dependency: org.scala-lang#scala-library;2.10.6 {compile=[compile(*), master(compile)], runtime=[runtime(*)]} => dependency: org.scala-lang#scala-library;2.10.4 {compile=[compile(*), master(compile)], runtime=[runtime(*)]}
dependency descriptor has been mediated: dependency: org.scala-lang#scala-library;2.10.6 {compile=[compile(*), master(compile)], runtime=[runtime(*)]} => dependency: org.scala-lang#scala-library;2.10.4 {compile=[compile(*), master(compile)], runtime=[runtime(*)]}
dependency descriptor has been mediated: dependency: org.scala-lang#scala-library;2.10.6 {compile=[compile(*), master(compile)], runtime=[runtime(*)]} => dependency: org.scala-lang#scala-library;2.10.4 {compile=[compile(*), master(compile)], runtime=[runtime(*)]}
dependency descriptor has been mediated: dependency: org.scala-lang#scala-library;2.10.6 {compile=[compile(*), master(compile)], runtime=[runtime(*)]} => dependency: org.scala-lang#scala-library;2.10.4 {compile=[compile(*), master(compile)], runtime=[runtime(*)]}
dependency descriptor has been mediated: dependency: org.scala-lang#scala-library;2.10.6 {compile=[compile(*), master(compile)], runtime=[runtime(*)]} => dependency: org.scala-lang#scala-library;2.10.4 {compile=[compile(*), master(compile)], runtime=[runtime(*)]}
dependency descriptor has been mediated: dependency: org.scala-lang#scala-library;2.10.6 {provided=[default(compile)]} => dependency: org.scala-lang#scala-library;2.10.4 {provided=[default(compile)]}
dependency descriptor has been mediated: dependency: org.scala-lang#scala-reflect;2.10.6 {provided=[default(compile)]} => dependency: org.scala-lang#scala-reflect;2.10.4 {provided=[default(compile)]}
dependency descriptor has been mediated: dependency: org.scala-lang#scala-library;2.10.6 {provided=[default(compile)]} => dependency: org.scala-lang#scala-library;2.10.4 {provided=[default(compile)]}
dependency descriptor has been mediated: dependency: org.scala-lang#scala-reflect;2.10.6 {provided=[default(compile)]} => dependency: org.scala-lang#scala-reflect;2.10.4 {provided=[default(compile)]}
dependency descriptor has been mediated: dependency: org.scala-lang#scala-compiler;2.10.4 {scala-tool=[default, optional(default)]} => dependency: org.scala-lang#scala-compiler;2.10.4 {scala-tool=[default, optional(default)]}
dependency descriptor has been mediated: sbt.ivyint.MergedDescriptors@60df97dc => sbt.ivyint.MergedDescriptors@26e5da23
[A[2K[info] Resolving org.scala-lang#scala-library;2.10.4 ...
Resolving org.scala-lang#scala-library;2.10.4 ...
sbt-chain: Checking cache for: dependency: org.scala-lang#scala-library;2.10.4 {compile=[compile(*), master(compile)], runtime=[runtime(*)]}
sbt-chain: module revision found in cache: org.scala-lang#scala-library;2.10.4
	found org.scala-lang#scala-library;2.10.4 in sbt-chain
	[2.10.4] org.scala-lang#scala-library;2.10.4
== resolving dependencies com.typesafe.play#sbt-routes-compiler_2.10;2.5.3->org.scala-lang#scala-library;2.10.4 [compile->compile(*)]
== resolving dependencies com.typesafe.play#sbt-routes-compiler_2.10;2.5.3->org.scala-lang#scala-library;2.10.4 [compile->runtime(*)]
== resolving dependencies com.typesafe.play#sbt-routes-compiler_2.10;2.5.3->org.scala-lang#scala-library;2.10.4 [compile->compile]
== resolving dependencies com.typesafe.play#sbt-routes-compiler_2.10;2.5.3->com.typesafe.play#twirl-api_2.10;1.1.1 [compile->master(compile)]
dependency descriptor has been mediated: dependency: org.scala-lang#scala-library;2.10.6 {compile=[compile(*), master(compile)], runtime=[runtime(*)]} => dependency: org.scala-lang#scala-library;2.10.4 {compile=[compile(*), master(compile)], runtime=[runtime(*)]}
dependency descriptor has been mediated: dependency: org.scala-lang#scala-library;2.10.6 {compile=[compile(*), master(compile)], runtime=[runtime(*)]} => dependency: org.scala-lang#scala-library;2.10.4 {compile=[compile(*), master(compile)], runtime=[runtime(*)]}
dependency descriptor has been mediated: dependency: org.scala-lang#scala-library;2.10.6 {compile=[compile(*), master(compile)], runtime=[runtime(*)]} => dependency: org.scala-lang#scala-library;2.10.4 {compile=[compile(*), master(compile)], runtime=[runtime(*)]}
dependency descriptor has been mediated: dependency: org.scala-lang#scala-library;2.10.6 {compile=[compile(*), master(compile)], runtime=[runtime(*)]} => dependency: org.scala-lang#scala-library;2.10.4 {compile=[compile(*), master(compile)], runtime=[runtime(*)]}
dependency descriptor has been mediated: dependency: org.scala-lang#scala-library;2.10.6 {compile=[compile(*), master(compile)], runtime=[runtime(*)]} => dependency: org.scala-lang#scala-library;2.10.4 {compile=[compile(*), master(compile)], runtime=[runtime(*)]}
dependency descriptor has been mediated: dependency: org.scala-lang#scala-library;2.10.6 {provided=[default(compile)]} => dependency: org.scala-lang#scala-library;2.10.4 {provided=[default(compile)]}
dependency descriptor has been mediated: dependency: org.scala-lang#scala-reflect;2.10.6 {provided=[default(compile)]} => dependency: org.scala-lang#scala-reflect;2.10.4 {provided=[default(compile)]}
dependency descriptor has been mediated: dependency: org.scala-lang#scala-library;2.10.6 {provided=[default(compile)]} => dependency: org.scala-lang#scala-library;2.10.4 {provided=[default(compile)]}
dependency descriptor has been mediated: dependency: org.scala-lang#scala-reflect;2.10.6 {provided=[default(compile)]} => dependency: org.scala-lang#scala-reflect;2.10.4 {provided=[default(compile)]}
dependency descriptor has been mediated: dependency: org.scala-lang#scala-compiler;2.10.4 {scala-tool=[default, optional(default)]} => dependency: org.scala-lang#scala-compiler;2.10.4 {scala-tool=[default, optional(default)]}
dependency descriptor has been mediated: sbt.ivyint.MergedDescriptors@60df97dc => sbt.ivyint.MergedDescriptors@5be66874
[A[2K[info] Resolving com.typesafe.play#twirl-api_2.10;1.1.1 ...
Resolving com.typesafe.play#twirl-api_2.10;1.1.1 ...
sbt-chain: Checking cache for: dependency: com.typesafe.play#twirl-api_2.10;1.1.1 {compile=[compile(*), master(compile)], runtime=[runtime(*)]}
sbt-chain: module revision found in cache: com.typesafe.play#twirl-api_2.10;1.1.1
	found com.typesafe.play#twirl-api_2.10;1.1.1 in sbt-chain
dependency descriptor has been mediated: dependency: org.scala-lang#scala-library;2.10.5 {compile=[compile(*), master(compile)], runtime=[runtime(*)]} => dependency: org.scala-lang#scala-library;2.10.4 {compile=[compile(*), master(compile)], runtime=[runtime(*)]}
== resolving dependencies com.typesafe.play#sbt-routes-compiler_2.10;2.5.3->com.typesafe.play#twirl-api_2.10;1.1.1 [compile->compile(*)]
dependency descriptor has been mediated: dependency: org.scala-lang#scala-library;2.10.5 {compile=[compile(*), master(compile)], runtime=[runtime(*)]} => dependency: org.scala-lang#scala-library;2.10.4 {compile=[compile(*), master(compile)], runtime=[runtime(*)]}
== resolving dependencies com.typesafe.play#twirl-api_2.10;1.1.1->org.scala-lang#scala-library;2.10.4 [compile->master(compile)]
dependency descriptor has been mediated: dependency: org.scala-lang#scala-library;2.10.5 {compile=[compile(*), master(compile)], runtime=[runtime(*)]} => dependency: org.scala-lang#scala-library;2.10.4 {compile=[compile(*), master(compile)], runtime=[runtime(*)]}
dependency descriptor has been mediated: dependency: org.scala-lang#scala-library;2.10.5 {compile=[compile(*), master(compile)], runtime=[runtime(*)]} => dependency: org.scala-lang#scala-library;2.10.4 {compile=[compile(*), master(compile)], runtime=[runtime(*)]}
dependency descriptor has been mediated: dependency: org.scala-lang#scala-library;2.10.5 {compile=[compile(*), master(compile)], runtime=[runtime(*)]} => dependency: org.scala-lang#scala-library;2.10.4 {compile=[compile(*), master(compile)], runtime=[runtime(*)]}
dependency descriptor has been mediated: dependency: org.scala-lang#scala-library;2.10.5 {compile=[compile(*), master(compile)], runtime=[runtime(*)]} => dependency: org.scala-lang#scala-library;2.10.4 {compile=[compile(*), master(compile)], runtime=[runtime(*)]}
dependency descriptor has been mediated: dependency: org.scala-lang#scala-library;2.10.5 {compile=[compile(*), master(compile)], runtime=[runtime(*)]} => dependency: org.scala-lang#scala-library;2.10.4 {compile=[compile(*), master(compile)], runtime=[runtime(*)]}
== resolving dependencies com.typesafe.play#twirl-api_2.10;1.1.1->org.scala-lang#scala-library;2.10.4 [compile->compile(*)]
== resolving dependencies com.typesafe.play#twirl-api_2.10;1.1.1->org.apache.commons#commons-lang3;3.4 [compile->master(compile)]
dependency descriptor has been mediated: dependency: org.scala-lang#scala-library;2.10.5 {compile=[compile(*), master(compile)], runtime=[runtime(*)]} => dependency: org.scala-lang#scala-library;2.10.4 {compile=[compile(*), master(compile)], runtime=[runtime(*)]}
dependency descriptor has been mediated: dependency: org.scala-lang#scala-library;2.10.5 {compile=[compile(*), master(compile)], runtime=[runtime(*)]} => dependency: org.scala-lang#scala-library;2.10.4 {compile=[compile(*), master(compile)], runtime=[runtime(*)]}
dependency descriptor has been mediated: dependency: org.scala-lang#scala-library;2.10.5 {compile=[compile(*), master(compile)], runtime=[runtime(*)]} => dependency: org.scala-lang#scala-library;2.10.4 {compile=[compile(*), master(compile)], runtime=[runtime(*)]}
dependency descriptor has been mediated: dependency: org.scala-lang#scala-library;2.10.5 {compile=[compile(*), master(compile)], runtime=[runtime(*)]} => dependency: org.scala-lang#scala-library;2.10.4 {compile=[compile(*), master(compile)], runtime=[runtime(*)]}
dependency descriptor has been mediated: dependency: org.scala-lang#scala-library;2.10.5 {compile=[compile(*), master(compile)], runtime=[runtime(*)]} => dependency: org.scala-lang#scala-library;2.10.4 {compile=[compile(*), master(compile)], runtime=[runtime(*)]}
dependency descriptor has been mediated: dependency: org.scala-lang#scala-library;2.10.6 {compile=[compile(*), master(compile)], runtime=[runtime(*)]} => dependency: org.scala-lang#scala-library;2.10.4 {compile=[compile(*), master(compile)], runtime=[runtime(*)]}
dependency descriptor has been mediated: dependency: org.scala-lang#scala-library;2.10.6 {compile=[compile(*), master(compile)], runtime=[runtime(*)]} => dependency: org.scala-lang#scala-library;2.10.4 {compile=[compile(*), master(compile)], runtime=[runtime(*)]}
dependency descriptor has been mediated: dependency: org.scala-lang#scala-library;2.10.6 {compile=[compile(*), master(compile)], runtime=[runtime(*)]} => dependency: org.scala-lang#scala-library;2.10.4 {compile=[compile(*), master(compile)], runtime=[runtime(*)]}
dependency descriptor has been mediated: dependency: org.scala-lang#scala-library;2.10.6 {compile=[compile(*), master(compile)], runtime=[runtime(*)]} => dependency: org.scala-lang#scala-library;2.10.4 {compile=[compile(*), master(compile)], runtime=[runtime(*)]}
dependency descriptor has been mediated: dependency: org.scala-lang#scala-library;2.10.6 {compile=[compile(*), master(compile)], runtime=[runtime(*)]} => dependency: org.scala-lang#scala-library;2.10.4 {compile=[compile(*), master(compile)], runtime=[runtime(*)]}
dependency descriptor has been mediated: dependency: org.scala-lang#scala-library;2.10.6 {provided=[default(compile)]} => dependency: org.scala-lang#scala-library;2.10.4 {provided=[default(compile)]}
dependency descriptor has been mediated: dependency: org.scala-lang#scala-reflect;2.10.6 {provided=[default(compile)]} => dependency: org.scala-lang#scala-reflect;2.10.4 {provided=[default(compile)]}
dependency descriptor has been mediated: dependency: org.scala-lang#scala-library;2.10.6 {provided=[default(compile)]} => dependency: org.scala-lang#scala-library;2.10.4 {provided=[default(compile)]}
dependency descriptor has been mediated: dependency: org.scala-lang#scala-reflect;2.10.6 {provided=[default(compile)]} => dependency: org.scala-lang#scala-reflect;2.10.4 {provided=[default(compile)]}
dependency descriptor has been mediated: dependency: org.scala-lang#scala-compiler;2.10.4 {scala-tool=[default, optional(default)]} => dependency: org.scala-lang#scala-compiler;2.10.4 {scala-tool=[default, optional(default)]}
dependency descriptor has been mediated: sbt.ivyint.MergedDescriptors@60df97dc => sbt.ivyint.MergedDescriptors@3b99dd54
[A[2K[info] Resolving org.apache.commons#commons-lang3;3.4 ...
Resolving org.apache.commons#commons-lang3;3.4 ...
sbt-chain: Checking cache for: dependency: org.apache.commons#commons-lang3;3.4 {compile=[compile(*), master(compile)], runtime=[runtime(*)]}
sbt-chain: module revision found in cache: org.apache.commons#commons-lang3;3.4
	found org.apache.commons#commons-lang3;3.4 in sbt-chain
== resolving dependencies com.typesafe.play#twirl-api_2.10;1.1.1->org.apache.commons#commons-lang3;3.4 [compile->compile(*)]
== resolving dependencies com.typesafe.play#sbt-routes-compiler_2.10;2.5.3->com.typesafe.play#twirl-api_2.10;1.1.1 [compile->runtime(*)]
== resolving dependencies com.typesafe.play#sbt-routes-compiler_2.10;2.5.3->com.typesafe.play#twirl-api_2.10;1.1.1 [compile->compile]
dependency descriptor has been mediated: dependency: org.scala-lang#scala-library;2.10.5 {compile=[compile(*), master(compile)], runtime=[runtime(*)]} => dependency: org.scala-lang#scala-library;2.10.4 {compile=[compile(*), master(compile)], runtime=[runtime(*)]}
== resolving dependencies com.typesafe.play#twirl-api_2.10;1.1.1->org.scala-lang#scala-library;2.10.4 [runtime->runtime(*)]
== resolving dependencies com.typesafe.play#twirl-api_2.10;1.1.1->org.scala-lang#scala-library;2.10.4 [runtime->compile]
== resolving dependencies com.typesafe.play#twirl-api_2.10;1.1.1->org.apache.commons#commons-lang3;3.4 [runtime->runtime(*)]
== resolving dependencies com.typesafe.play#twirl-api_2.10;1.1.1->org.apache.commons#commons-lang3;3.4 [runtime->compile]
== resolving dependencies com.typesafe.play#sbt-routes-compiler_2.10;2.5.3->commons-io#commons-io;2.4 [compile->master(compile)]
dependency descriptor has been mediated: dependency: org.scala-lang#scala-library;2.10.6 {compile=[compile(*), master(compile)], runtime=[runtime(*)]} => dependency: org.scala-lang#scala-library;2.10.4 {compile=[compile(*), master(compile)], runtime=[runtime(*)]}
dependency descriptor has been mediated: dependency: org.scala-lang#scala-library;2.10.6 {compile=[compile(*), master(compile)], runtime=[runtime(*)]} => dependency: org.scala-lang#scala-library;2.10.4 {compile=[compile(*), master(compile)], runtime=[runtime(*)]}
dependency descriptor has been mediated: dependency: org.scala-lang#scala-library;2.10.6 {compile=[compile(*), master(compile)], runtime=[runtime(*)]} => dependency: org.scala-lang#scala-library;2.10.4 {compile=[compile(*), master(compile)], runtime=[runtime(*)]}
dependency descriptor has been mediated: dependency: org.scala-lang#scala-library;2.10.6 {compile=[compile(*), master(compile)], runtime=[runtime(*)]} => dependency: org.scala-lang#scala-library;2.10.4 {compile=[compile(*), master(compile)], runtime=[runtime(*)]}
dependency descriptor has been mediated: dependency: org.scala-lang#scala-library;2.10.6 {compile=[compile(*), master(compile)], runtime=[runtime(*)]} => dependency: org.scala-lang#scala-library;2.10.4 {compile=[compile(*), master(compile)], runtime=[runtime(*)]}
dependency descriptor has been mediated: dependency: org.scala-lang#scala-library;2.10.6 {provided=[default(compile)]} => dependency: org.scala-lang#scala-library;2.10.4 {provided=[default(compile)]}
dependency descriptor has been mediated: dependency: org.scala-lang#scala-reflect;2.10.6 {provided=[default(compile)]} => dependency: org.scala-lang#scala-reflect;2.10.4 {provided=[default(compile)]}
dependency descriptor has been mediated: dependency: org.scala-lang#scala-library;2.10.6 {provided=[default(compile)]} => dependency: org.scala-lang#scala-library;2.10.4 {provided=[default(compile)]}
dependency descriptor has been mediated: dependency: org.scala-lang#scala-reflect;2.10.6 {provided=[default(compile)]} => dependency: org.scala-lang#scala-reflect;2.10.4 {provided=[default(compile)]}
dependency descriptor has been mediated: dependency: org.scala-lang#scala-compiler;2.10.4 {scala-tool=[default, optional(default)]} => dependency: org.scala-lang#scala-compiler;2.10.4 {scala-tool=[default, optional(default)]}
dependency descriptor has been mediated: sbt.ivyint.MergedDescriptors@60df97dc => sbt.ivyint.MergedDescriptors@33d3057d
[A[2K[info] Resolving commons-io#commons-io;2.4 ...
Resolving commons-io#commons-io;2.4 ...
sbt-chain: Checking cache for: dependency: commons-io#commons-io;2.4 {compile=[compile(*), master(compile)], runtime=[runtime(*)]}
sbt-chain: module revision found in cache: commons-io#commons-io;2.4
	found commons-io#commons-io;2.4 in sbt-chain
== resolving dependencies com.typesafe.play#sbt-routes-compiler_2.10;2.5.3->commons-io#commons-io;2.4 [compile->compile(*)]
== resolving dependencies com.typesafe.play#sbt-routes-compiler_2.10;2.5.3->commons-io#commons-io;2.4 [compile->runtime(*)]
== resolving dependencies com.typesafe.play#sbt-routes-compiler_2.10;2.5.3->commons-io#commons-io;2.4 [compile->compile]
dependency descriptor has been mediated: dependency: org.scala-lang#scala-library;2.10.6 {compile=[compile(*), master(compile)], runtime=[runtime(*)]} => dependency: org.scala-lang#scala-library;2.10.4 {compile=[compile(*), master(compile)], runtime=[runtime(*)]}
== resolving dependencies com.typesafe.play#sbt-routes-compiler_2.10;2.5.3->org.scala-lang#scala-library;2.10.4 [runtime->runtime(*)]
== resolving dependencies com.typesafe.play#sbt-routes-compiler_2.10;2.5.3->org.scala-lang#scala-library;2.10.4 [runtime->compile]
== resolving dependencies com.typesafe.play#sbt-routes-compiler_2.10;2.5.3->com.typesafe.play#twirl-api_2.10;1.1.1 [runtime->runtime(*)]
== resolving dependencies com.typesafe.play#sbt-routes-compiler_2.10;2.5.3->com.typesafe.play#twirl-api_2.10;1.1.1 [runtime->compile]
== resolving dependencies com.typesafe.play#sbt-routes-compiler_2.10;2.5.3->commons-io#commons-io;2.4 [runtime->runtime(*)]
== resolving dependencies com.typesafe.play#sbt-routes-compiler_2.10;2.5.3->commons-io#commons-io;2.4 [runtime->compile]
== resolving dependencies com.typesafe.play#sbt-plugin;2.5.3->com.typesafe.play#sbt-routes-compiler_2.10;2.5.3 [compile->master]
dependency descriptor has been mediated: dependency: org.scala-lang#scala-library;2.10.6 {compile=[compile(*), master(compile)], runtime=[runtime(*)]} => dependency: org.scala-lang#scala-library;2.10.4 {compile=[compile(*), master(compile)], runtime=[runtime(*)]}
dependency descriptor has been mediated: dependency: org.scala-lang#scala-library;2.10.6 {compile=[compile(*), master(compile)], runtime=[runtime(*)]} => dependency: org.scala-lang#scala-library;2.10.4 {compile=[compile(*), master(compile)], runtime=[runtime(*)]}
== resolving dependencies com.typesafe.play#sbt-plugin;2.5.3->com.typesafe.play#sbt-run-support_2.10;2.5.3 [compile->default(compile)]
dependency descriptor has been mediated: dependency: org.scala-lang#scala-library;2.10.6 {provided=[default(compile)]} => dependency: org.scala-lang#scala-library;2.10.4 {provided=[default(compile)]}
dependency descriptor has been mediated: dependency: org.scala-lang#scala-reflect;2.10.6 {provided=[default(compile)]} => dependency: org.scala-lang#scala-reflect;2.10.4 {provided=[default(compile)]}
dependency descriptor has been mediated: dependency: org.scala-lang#scala-library;2.10.6 {provided=[default(compile)]} => dependency: org.scala-lang#scala-library;2.10.4 {provided=[default(compile)]}
dependency descriptor has been mediated: dependency: org.scala-lang#scala-reflect;2.10.6 {provided=[default(compile)]} => dependency: org.scala-lang#scala-reflect;2.10.4 {provided=[default(compile)]}
dependency descriptor has been mediated: dependency: org.scala-lang#scala-compiler;2.10.4 {scala-tool=[default, optional(default)]} => dependency: org.scala-lang#scala-compiler;2.10.4 {scala-tool=[default, optional(default)]}
dependency descriptor has been mediated: sbt.ivyint.MergedDescriptors@60df97dc => sbt.ivyint.MergedDescriptors@4016164a
[A[2K[info] Resolving com.typesafe.play#sbt-run-support_2.10;2.5.3 ...
Resolving com.typesafe.play#sbt-run-support_2.10;2.5.3 ...
sbt-chain: Checking cache for: dependency: com.typesafe.play#sbt-run-support_2.10;2.5.3 {compile=[default(compile)]}
[A[2K[info] Resolving com.typesafe.play#sbt-run-support_2.10;2.5.3 ...
Resolving com.typesafe.play#sbt-run-support_2.10;2.5.3 ...
sbt-chain-delegate: Checking cache for: dependency: com.typesafe.play#sbt-run-support_2.10;2.5.3 {compile=[default(compile)]}
		tried https://repo.typesafe.com/typesafe/ivy-releases/com.typesafe.play/sbt-run-support_2.10/2.5.3/ivys/ivy.xml
CLIENT ERROR: Not Found url=https://repo.typesafe.com/typesafe/ivy-releases/com.typesafe.play/sbt-run-support_2.10/2.5.3/ivys/ivy.xml
	typesafe-ivy-releases: no ivy file found for com.typesafe.play#sbt-run-support_2.10;2.5.3
		tried https://repo.scala-sbt.org/scalasbt/sbt-plugin-releases/com.typesafe.play/sbt-run-support_2.10/2.5.3/ivys/ivy.xml
CLIENT ERROR: Not Found url=https://repo.scala-sbt.org/scalasbt/sbt-plugin-releases/com.typesafe.play/sbt-run-support_2.10/2.5.3/ivys/ivy.xml
	sbt-plugin-releases: no ivy file found for com.typesafe.play#sbt-run-support_2.10;2.5.3
		tried /Users/sean/.ivy2/local/com.typesafe.play/sbt-run-support_2.10/2.5.3/ivys/ivy.xml
	local: no ivy file found for com.typesafe.play#sbt-run-support_2.10;2.5.3
		tried /Users/sean/.activator/repository/com.typesafe.play/sbt-run-support_2.10/2.5.3/ivys/ivy.xml
	activator-launcher-local: no ivy file found for com.typesafe.play#sbt-run-support_2.10;2.5.3
		tried /Users/sean/Documents/activator/repository/com.typesafe.play/sbt-run-support_2.10/2.5.3/ivys/ivy.xml
	activator-local: no ivy file found for com.typesafe.play#sbt-run-support_2.10;2.5.3
		tried https://repo1.maven.org/maven2/com/typesafe/play/sbt-run-support_2.10/2.5.3/sbt-run-support_2.10-2.5.3.pom
	public: found md file for com.typesafe.play#sbt-run-support_2.10;2.5.3
		=> https://repo1.maven.org/maven2/com/typesafe/play/sbt-run-support_2.10/2.5.3/sbt-run-support_2.10-2.5.3.pom (2.5.3)
downloading https://repo1.maven.org/maven2/com/typesafe/play/sbt-run-support_2.10/2.5.3/sbt-run-support_2.10-2.5.3.pom ...
	public: downloading https://repo1.maven.org/maven2/com/typesafe/play/sbt-run-support_2.10/2.5.3/sbt-run-support_2.10-2.5.3.pom
	public: downloading https://repo1.maven.org/maven2/com/typesafe/play/sbt-run-support_2.10/2.5.3/sbt-run-support_2.10-2.5.3.pom.sha1
sha1 OK for https://repo1.maven.org/maven2/com/typesafe/play/sbt-run-support_2.10/2.5.3/sbt-run-support_2.10-2.5.3.pom
	[SUCCESSFUL ] com.typesafe.play#sbt-run-support_2.10;2.5.3!sbt-run-support_2.10.pom(pom.original) (599ms)
		tried https://repo.typesafe.com/typesafe/ivy-releases/com.typesafe.play/sbt-run-support_2.10/2.5.3/jars/sbt-run-support_2.10.jar
CLIENT ERROR: Not Found url=https://repo.typesafe.com/typesafe/ivy-releases/com.typesafe.play/sbt-run-support_2.10/2.5.3/jars/sbt-run-support_2.10.jar
		tried https://repo.scala-sbt.org/scalasbt/sbt-plugin-releases/com.typesafe.play/sbt-run-support_2.10/2.5.3/jars/sbt-run-support_2.10.jar
CLIENT ERROR: Not Found url=https://repo.scala-sbt.org/scalasbt/sbt-plugin-releases/com.typesafe.play/sbt-run-support_2.10/2.5.3/jars/sbt-run-support_2.10.jar
		tried /Users/sean/.ivy2/local/com.typesafe.play/sbt-run-support_2.10/2.5.3/jars/sbt-run-support_2.10.jar
		tried /Users/sean/.activator/repository/com.typesafe.play/sbt-run-support_2.10/2.5.3/jars/sbt-run-support_2.10.jar
		tried /Users/sean/Documents/activator/repository/com.typesafe.play/sbt-run-support_2.10/2.5.3/jars/sbt-run-support_2.10.jar
		tried https://repo1.maven.org/maven2/com/typesafe/play/sbt-run-support_2.10/2.5.3/sbt-run-support_2.10-2.5.3.jar
	found com.typesafe.play#sbt-run-support_2.10;2.5.3 in public
== resolving dependencies com.typesafe.play#sbt-plugin;2.5.3->com.typesafe.play#sbt-run-support_2.10;2.5.3 [compile->runtime]
== resolving dependencies com.typesafe.play#sbt-plugin;2.5.3->com.typesafe.play#sbt-run-support_2.10;2.5.3 [compile->compile]
dependency descriptor has been mediated: dependency: org.scala-lang#scala-library;2.10.6 {compile=[compile(*), master(compile)], runtime=[runtime(*)]} => dependency: org.scala-lang#scala-library;2.10.4 {compile=[compile(*), master(compile)], runtime=[runtime(*)]}
== resolving dependencies com.typesafe.play#sbt-run-support_2.10;2.5.3->org.scala-lang#scala-library;2.10.4 [compile->master(compile)]
dependency descriptor has been mediated: dependency: org.scala-lang#scala-library;2.10.6 {compile=[compile(*), master(compile)], runtime=[runtime(*)]} => dependency: org.scala-lang#scala-library;2.10.4 {compile=[compile(*), master(compile)], runtime=[runtime(*)]}
dependency descriptor has been mediated: dependency: org.scala-lang#scala-library;2.10.6 {compile=[compile(*), master(compile)], runtime=[runtime(*)]} => dependency: org.scala-lang#scala-library;2.10.4 {compile=[compile(*), master(compile)], runtime=[runtime(*)]}
dependency descriptor has been mediated: dependency: org.scala-lang#scala-library;2.10.6 {compile=[compile(*), master(compile)], runtime=[runtime(*)]} => dependency: org.scala-lang#scala-library;2.10.4 {compile=[compile(*), master(compile)], runtime=[runtime(*)]}
dependency descriptor has been mediated: dependency: org.scala-lang#scala-library;2.10.6 {compile=[compile(*), master(compile)], runtime=[runtime(*)]} => dependency: org.scala-lang#scala-library;2.10.4 {compile=[compile(*), master(compile)], runtime=[runtime(*)]}
dependency descriptor has been mediated: dependency: org.scala-lang#scala-library;2.10.6 {compile=[compile(*), master(compile)], runtime=[runtime(*)]} => dependency: org.scala-lang#scala-library;2.10.4 {compile=[compile(*), master(compile)], runtime=[runtime(*)]}
== resolving dependencies com.typesafe.play#sbt-run-support_2.10;2.5.3->org.scala-lang#scala-library;2.10.4 [compile->compile(*)]
== resolving dependencies com.typesafe.play#sbt-run-support_2.10;2.5.3->com.typesafe.play#build-link;2.5.3 [compile->master(compile)]
dependency descriptor has been mediated: dependency: org.scala-lang#scala-library;2.10.6 {compile=[compile(*), master(compile)], runtime=[runtime(*)]} => dependency: org.scala-lang#scala-library;2.10.4 {compile=[compile(*), master(compile)], runtime=[runtime(*)]}
dependency descriptor has been mediated: dependency: org.scala-lang#scala-library;2.10.6 {compile=[compile(*), master(compile)], runtime=[runtime(*)]} => dependency: org.scala-lang#scala-library;2.10.4 {compile=[compile(*), master(compile)], runtime=[runtime(*)]}
dependency descriptor has been mediated: dependency: org.scala-lang#scala-library;2.10.6 {compile=[compile(*), master(compile)], runtime=[runtime(*)]} => dependency: org.scala-lang#scala-library;2.10.4 {compile=[compile(*), master(compile)], runtime=[runtime(*)]}
dependency descriptor has been mediated: dependency: org.scala-lang#scala-library;2.10.6 {compile=[compile(*), master(compile)], runtime=[runtime(*)]} => dependency: org.scala-lang#scala-library;2.10.4 {compile=[compile(*), master(compile)], runtime=[runtime(*)]}
dependency descriptor has been mediated: dependency: org.scala-lang#scala-library;2.10.6 {compile=[compile(*), master(compile)], runtime=[runtime(*)]} => dependency: org.scala-lang#scala-library;2.10.4 {compile=[compile(*), master(compile)], runtime=[runtime(*)]}
dependency descriptor has been mediated: dependency: org.scala-lang#scala-library;2.10.6 {provided=[default(compile)]} => dependency: org.scala-lang#scala-library;2.10.4 {provided=[default(compile)]}
dependency descriptor has been mediated: dependency: org.scala-lang#scala-reflect;2.10.6 {provided=[default(compile)]} => dependency: org.scala-lang#scala-reflect;2.10.4 {provided=[default(compile)]}
dependency descriptor has been mediated: dependency: org.scala-lang#scala-library;2.10.6 {provided=[default(compile)]} => dependency: org.scala-lang#scala-library;2.10.4 {provided=[default(compile)]}
dependency descriptor has been mediated: dependency: org.scala-lang#scala-reflect;2.10.6 {provided=[default(compile)]} => dependency: org.scala-lang#scala-reflect;2.10.4 {provided=[default(compile)]}
dependency descriptor has been mediated: dependency: org.scala-lang#scala-compiler;2.10.4 {scala-tool=[default, optional(default)]} => dependency: org.scala-lang#scala-compiler;2.10.4 {scala-tool=[default, optional(default)]}
dependency descriptor has been mediated: sbt.ivyint.MergedDescriptors@60df97dc => sbt.ivyint.MergedDescriptors@713a4826
[A[2K[info] Resolving com.typesafe.play#build-link;2.5.3 ...
Resolving com.typesafe.play#build-link;2.5.3 ...
sbt-chain: Checking cache for: dependency: com.typesafe.play#build-link;2.5.3 {compile=[compile(*), master(compile)], runtime=[runtime(*)]}
[A[2K[info] Resolving com.typesafe.play#build-link;2.5.3 ...
Resolving com.typesafe.play#build-link;2.5.3 ...
sbt-chain-delegate: Checking cache for: dependency: com.typesafe.play#build-link;2.5.3 {compile=[compile(*), master(compile)], runtime=[runtime(*)]}
		tried https://repo.typesafe.com/typesafe/ivy-releases/com.typesafe.play/build-link/2.5.3/ivys/ivy.xml
CLIENT ERROR: Not Found url=https://repo.typesafe.com/typesafe/ivy-releases/com.typesafe.play/build-link/2.5.3/ivys/ivy.xml
	typesafe-ivy-releases: no ivy file found for com.typesafe.play#build-link;2.5.3
		tried https://repo.scala-sbt.org/scalasbt/sbt-plugin-releases/com.typesafe.play/build-link/2.5.3/ivys/ivy.xml
CLIENT ERROR: Not Found url=https://repo.scala-sbt.org/scalasbt/sbt-plugin-releases/com.typesafe.play/build-link/2.5.3/ivys/ivy.xml
	sbt-plugin-releases: no ivy file found for com.typesafe.play#build-link;2.5.3
		tried /Users/sean/.ivy2/local/com.typesafe.play/build-link/2.5.3/ivys/ivy.xml
	local: no ivy file found for com.typesafe.play#build-link;2.5.3
		tried /Users/sean/.activator/repository/com.typesafe.play/build-link/2.5.3/ivys/ivy.xml
	activator-launcher-local: no ivy file found for com.typesafe.play#build-link;2.5.3
		tried /Users/sean/Documents/activator/repository/com.typesafe.play/build-link/2.5.3/ivys/ivy.xml
	activator-local: no ivy file found for com.typesafe.play#build-link;2.5.3
		tried https://repo1.maven.org/maven2/com/typesafe/play/build-link/2.5.3/build-link-2.5.3.pom
	public: found md file for com.typesafe.play#build-link;2.5.3
		=> https://repo1.maven.org/maven2/com/typesafe/play/build-link/2.5.3/build-link-2.5.3.pom (2.5.3)
downloading https://repo1.maven.org/maven2/com/typesafe/play/build-link/2.5.3/build-link-2.5.3.pom ...
	public: downloading https://repo1.maven.org/maven2/com/typesafe/play/build-link/2.5.3/build-link-2.5.3.pom
	public: downloading https://repo1.maven.org/maven2/com/typesafe/play/build-link/2.5.3/build-link-2.5.3.pom.sha1
sha1 OK for https://repo1.maven.org/maven2/com/typesafe/play/build-link/2.5.3/build-link-2.5.3.pom
	[SUCCESSFUL ] com.typesafe.play#build-link;2.5.3!build-link.pom(pom.original) (613ms)
		tried https://repo.typesafe.com/typesafe/ivy-releases/com.typesafe.play/build-link/2.5.3/jars/build-link.jar
CLIENT ERROR: Not Found url=https://repo.typesafe.com/typesafe/ivy-releases/com.typesafe.play/build-link/2.5.3/jars/build-link.jar
		tried https://repo.scala-sbt.org/scalasbt/sbt-plugin-releases/com.typesafe.play/build-link/2.5.3/jars/build-link.jar
CLIENT ERROR: Not Found url=https://repo.scala-sbt.org/scalasbt/sbt-plugin-releases/com.typesafe.play/build-link/2.5.3/jars/build-link.jar
		tried /Users/sean/.ivy2/local/com.typesafe.play/build-link/2.5.3/jars/build-link.jar
		tried /Users/sean/.activator/repository/com.typesafe.play/build-link/2.5.3/jars/build-link.jar
		tried /Users/sean/Documents/activator/repository/com.typesafe.play/build-link/2.5.3/jars/build-link.jar
		tried https://repo1.maven.org/maven2/com/typesafe/play/build-link/2.5.3/build-link-2.5.3.jar
	found com.typesafe.play#build-link;2.5.3 in public
== resolving dependencies com.typesafe.play#sbt-run-support_2.10;2.5.3->com.typesafe.play#build-link;2.5.3 [compile->compile(*)]
== resolving dependencies com.typesafe.play#build-link;2.5.3->com.typesafe.play#play-exceptions;2.5.3 [compile->master(compile)]
dependency descriptor has been mediated: dependency: org.scala-lang#scala-library;2.10.6 {compile=[compile(*), master(compile)], runtime=[runtime(*)]} => dependency: org.scala-lang#scala-library;2.10.4 {compile=[compile(*), master(compile)], runtime=[runtime(*)]}
dependency descriptor has been mediated: dependency: org.scala-lang#scala-library;2.10.6 {compile=[compile(*), master(compile)], runtime=[runtime(*)]} => dependency: org.scala-lang#scala-library;2.10.4 {compile=[compile(*), master(compile)], runtime=[runtime(*)]}
dependency descriptor has been mediated: dependency: org.scala-lang#scala-library;2.10.6 {compile=[compile(*), master(compile)], runtime=[runtime(*)]} => dependency: org.scala-lang#scala-library;2.10.4 {compile=[compile(*), master(compile)], runtime=[runtime(*)]}
dependency descriptor has been mediated: dependency: org.scala-lang#scala-library;2.10.6 {compile=[compile(*), master(compile)], runtime=[runtime(*)]} => dependency: org.scala-lang#scala-library;2.10.4 {compile=[compile(*), master(compile)], runtime=[runtime(*)]}
dependency descriptor has been mediated: dependency: org.scala-lang#scala-library;2.10.6 {compile=[compile(*), master(compile)], runtime=[runtime(*)]} => dependency: org.scala-lang#scala-library;2.10.4 {compile=[compile(*), master(compile)], runtime=[runtime(*)]}
dependency descriptor has been mediated: dependency: org.scala-lang#scala-library;2.10.6 {provided=[default(compile)]} => dependency: org.scala-lang#scala-library;2.10.4 {provided=[default(compile)]}
dependency descriptor has been mediated: dependency: org.scala-lang#scala-reflect;2.10.6 {provided=[default(compile)]} => dependency: org.scala-lang#scala-reflect;2.10.4 {provided=[default(compile)]}
dependency descriptor has been mediated: dependency: org.scala-lang#scala-library;2.10.6 {provided=[default(compile)]} => dependency: org.scala-lang#scala-library;2.10.4 {provided=[default(compile)]}
dependency descriptor has been mediated: dependency: org.scala-lang#scala-reflect;2.10.6 {provided=[default(compile)]} => dependency: org.scala-lang#scala-reflect;2.10.4 {provided=[default(compile)]}
dependency descriptor has been mediated: dependency: org.scala-lang#scala-compiler;2.10.4 {scala-tool=[default, optional(default)]} => dependency: org.scala-lang#scala-compiler;2.10.4 {scala-tool=[default, optional(default)]}
dependency descriptor has been mediated: sbt.ivyint.MergedDescriptors@60df97dc => sbt.ivyint.MergedDescriptors@474dab82
[A[2K[info] Resolving com.typesafe.play#play-exceptions;2.5.3 ...
Resolving com.typesafe.play#play-exceptions;2.5.3 ...
sbt-chain: Checking cache for: dependency: com.typesafe.play#play-exceptions;2.5.3 {compile=[compile(*), master(compile)], runtime=[runtime(*)]}
[A[2K[info] Resolving com.typesafe.play#play-exceptions;2.5.3 ...
Resolving com.typesafe.play#play-exceptions;2.5.3 ...
sbt-chain-delegate: Checking cache for: dependency: com.typesafe.play#play-exceptions;2.5.3 {compile=[compile(*), master(compile)], runtime=[runtime(*)]}
		tried https://repo.typesafe.com/typesafe/ivy-releases/com.typesafe.play/play-exceptions/2.5.3/ivys/ivy.xml
CLIENT ERROR: Not Found url=https://repo.typesafe.com/typesafe/ivy-releases/com.typesafe.play/play-exceptions/2.5.3/ivys/ivy.xml
	typesafe-ivy-releases: no ivy file found for com.typesafe.play#play-exceptions;2.5.3
		tried https://repo.scala-sbt.org/scalasbt/sbt-plugin-releases/com.typesafe.play/play-exceptions/2.5.3/ivys/ivy.xml
CLIENT ERROR: Not Found url=https://repo.scala-sbt.org/scalasbt/sbt-plugin-releases/com.typesafe.play/play-exceptions/2.5.3/ivys/ivy.xml
	sbt-plugin-releases: no ivy file found for com.typesafe.play#play-exceptions;2.5.3
		tried /Users/sean/.ivy2/local/com.typesafe.play/play-exceptions/2.5.3/ivys/ivy.xml
	local: no ivy file found for com.typesafe.play#play-exceptions;2.5.3
		tried /Users/sean/.activator/repository/com.typesafe.play/play-exceptions/2.5.3/ivys/ivy.xml
	activator-launcher-local: no ivy file found for com.typesafe.play#play-exceptions;2.5.3
		tried /Users/sean/Documents/activator/repository/com.typesafe.play/play-exceptions/2.5.3/ivys/ivy.xml
	activator-local: no ivy file found for com.typesafe.play#play-exceptions;2.5.3
		tried https://repo1.maven.org/maven2/com/typesafe/play/play-exceptions/2.5.3/play-exceptions-2.5.3.pom
	public: found md file for com.typesafe.play#play-exceptions;2.5.3
		=> https://repo1.maven.org/maven2/com/typesafe/play/play-exceptions/2.5.3/play-exceptions-2.5.3.pom (2.5.3)
downloading https://repo1.maven.org/maven2/com/typesafe/play/play-exceptions/2.5.3/play-exceptions-2.5.3.pom ...
	public: downloading https://repo1.maven.org/maven2/com/typesafe/play/play-exceptions/2.5.3/play-exceptions-2.5.3.pom
	public: downloading https://repo1.maven.org/maven2/com/typesafe/play/play-exceptions/2.5.3/play-exceptions-2.5.3.pom.sha1
sha1 OK for https://repo1.maven.org/maven2/com/typesafe/play/play-exceptions/2.5.3/play-exceptions-2.5.3.pom
	[SUCCESSFUL ] com.typesafe.play#play-exceptions;2.5.3!play-exceptions.pom(pom.original) (613ms)
		tried https://repo.typesafe.com/typesafe/ivy-releases/com.typesafe.play/play-exceptions/2.5.3/jars/play-exceptions.jar
CLIENT ERROR: Not Found url=https://repo.typesafe.com/typesafe/ivy-releases/com.typesafe.play/play-exceptions/2.5.3/jars/play-exceptions.jar
		tried https://repo.scala-sbt.org/scalasbt/sbt-plugin-releases/com.typesafe.play/play-exceptions/2.5.3/jars/play-exceptions.jar
CLIENT ERROR: Not Found url=https://repo.scala-sbt.org/scalasbt/sbt-plugin-releases/com.typesafe.play/play-exceptions/2.5.3/jars/play-exceptions.jar
		tried /Users/sean/.ivy2/local/com.typesafe.play/play-exceptions/2.5.3/jars/play-exceptions.jar
		tried /Users/sean/.activator/repository/com.typesafe.play/play-exceptions/2.5.3/jars/play-exceptions.jar
		tried /Users/sean/Documents/activator/repository/com.typesafe.play/play-exceptions/2.5.3/jars/play-exceptions.jar
		tried https://repo1.maven.org/maven2/com/typesafe/play/play-exceptions/2.5.3/play-exceptions-2.5.3.jar
	found com.typesafe.play#play-exceptions;2.5.3 in public
== resolving dependencies com.typesafe.play#build-link;2.5.3->com.typesafe.play#play-exceptions;2.5.3 [compile->compile(*)]
== resolving dependencies com.typesafe.play#sbt-run-support_2.10;2.5.3->com.typesafe.play#build-link;2.5.3 [compile->runtime(*)]
== resolving dependencies com.typesafe.play#sbt-run-support_2.10;2.5.3->com.typesafe.play#build-link;2.5.3 [compile->compile]
== resolving dependencies com.typesafe.play#build-link;2.5.3->com.typesafe.play#play-exceptions;2.5.3 [runtime->runtime(*)]
== resolving dependencies com.typesafe.play#build-link;2.5.3->com.typesafe.play#play-exceptions;2.5.3 [runtime->compile]
dependency descriptor has been mediated: dependency: org.scala-lang#scala-library;2.10.6 {compile=[compile(*), master(compile)], runtime=[runtime(*)]} => dependency: org.scala-lang#scala-library;2.10.4 {compile=[compile(*), master(compile)], runtime=[runtime(*)]}
== resolving dependencies com.typesafe.play#sbt-run-support_2.10;2.5.3->org.scala-lang#scala-library;2.10.4 [runtime->runtime(*)]
== resolving dependencies com.typesafe.play#sbt-run-support_2.10;2.5.3->org.scala-lang#scala-library;2.10.4 [runtime->compile]
== resolving dependencies com.typesafe.play#sbt-run-support_2.10;2.5.3->com.typesafe.play#build-link;2.5.3 [runtime->runtime(*)]
== resolving dependencies com.typesafe.play#sbt-run-support_2.10;2.5.3->com.typesafe.play#build-link;2.5.3 [runtime->compile]
== resolving dependencies com.typesafe.play#sbt-plugin;2.5.3->com.typesafe.play#sbt-run-support_2.10;2.5.3 [compile->master]
dependency descriptor has been mediated: dependency: org.scala-lang#scala-library;2.10.6 {compile=[compile(*), master(compile)], runtime=[runtime(*)]} => dependency: org.scala-lang#scala-library;2.10.4 {compile=[compile(*), master(compile)], runtime=[runtime(*)]}
dependency descriptor has been mediated: dependency: org.scala-lang#scala-library;2.10.6 {compile=[compile(*), master(compile)], runtime=[runtime(*)]} => dependency: org.scala-lang#scala-library;2.10.4 {compile=[compile(*), master(compile)], runtime=[runtime(*)]}
== resolving dependencies com.typesafe.play#sbt-plugin;2.5.3->com.typesafe#config;1.3.0 [compile->default(compile)]
dependency descriptor has been mediated: dependency: org.scala-lang#scala-library;2.10.6 {provided=[default(compile)]} => dependency: org.scala-lang#scala-library;2.10.4 {provided=[default(compile)]}
dependency descriptor has been mediated: dependency: org.scala-lang#scala-reflect;2.10.6 {provided=[default(compile)]} => dependency: org.scala-lang#scala-reflect;2.10.4 {provided=[default(compile)]}
dependency descriptor has been mediated: dependency: org.scala-lang#scala-library;2.10.6 {provided=[default(compile)]} => dependency: org.scala-lang#scala-library;2.10.4 {provided=[default(compile)]}
dependency descriptor has been mediated: dependency: org.scala-lang#scala-reflect;2.10.6 {provided=[default(compile)]} => dependency: org.scala-lang#scala-reflect;2.10.4 {provided=[default(compile)]}
dependency descriptor has been mediated: dependency: org.scala-lang#scala-compiler;2.10.4 {scala-tool=[default, optional(default)]} => dependency: org.scala-lang#scala-compiler;2.10.4 {scala-tool=[default, optional(default)]}
dependency descriptor has been mediated: sbt.ivyint.MergedDescriptors@60df97dc => sbt.ivyint.MergedDescriptors@790e4d81
[A[2K[info] Resolving com.typesafe#config;1.3.0 ...
Resolving com.typesafe#config;1.3.0 ...
sbt-chain: Checking cache for: dependency: com.typesafe#config;1.3.0 {compile=[default(compile)]}
sbt-chain: module revision found in cache: com.typesafe#config;1.3.0
	found com.typesafe#config;1.3.0 in sbt-chain
== resolving dependencies com.typesafe.play#sbt-plugin;2.5.3->com.typesafe#config;1.3.0 [compile->runtime]
== resolving dependencies com.typesafe.play#sbt-plugin;2.5.3->com.typesafe#config;1.3.0 [compile->compile]
== resolving dependencies com.typesafe.play#sbt-plugin;2.5.3->com.typesafe#config;1.3.0 [compile->master]
== resolving dependencies com.typesafe.play#sbt-plugin;2.5.3->net.contentobjects.jnotify#jnotify;0.94-play-1 [compile->default(compile)]
dependency descriptor has been mediated: dependency: org.scala-lang#scala-library;2.10.6 {provided=[default(compile)]} => dependency: org.scala-lang#scala-library;2.10.4 {provided=[default(compile)]}
dependency descriptor has been mediated: dependency: org.scala-lang#scala-reflect;2.10.6 {provided=[default(compile)]} => dependency: org.scala-lang#scala-reflect;2.10.4 {provided=[default(compile)]}
dependency descriptor has been mediated: dependency: org.scala-lang#scala-library;2.10.6 {provided=[default(compile)]} => dependency: org.scala-lang#scala-library;2.10.4 {provided=[default(compile)]}
dependency descriptor has been mediated: dependency: org.scala-lang#scala-reflect;2.10.6 {provided=[default(compile)]} => dependency: org.scala-lang#scala-reflect;2.10.4 {provided=[default(compile)]}
dependency descriptor has been mediated: dependency: org.scala-lang#scala-compiler;2.10.4 {scala-tool=[default, optional(default)]} => dependency: org.scala-lang#scala-compiler;2.10.4 {scala-tool=[default, optional(default)]}
dependency descriptor has been mediated: sbt.ivyint.MergedDescriptors@60df97dc => sbt.ivyint.MergedDescriptors@7d4005ba
[A[2K[info] Resolving net.contentobjects.jnotify#jnotify;0.94-play-1 ...
Resolving net.contentobjects.jnotify#jnotify;0.94-play-1 ...
sbt-chain: Checking cache for: dependency: net.contentobjects.jnotify#jnotify;0.94-play-1 {compile=[default(compile)]}
sbt-chain: module revision found in cache: net.contentobjects.jnotify#jnotify;0.94-play-1
	found net.contentobjects.jnotify#jnotify;0.94-play-1 in sbt-chain
== resolving dependencies com.typesafe.play#sbt-plugin;2.5.3->com.typesafe.sbt#sbt-twirl;1.1.1 [compile->default(compile)]
dependency descriptor has been mediated: dependency: org.scala-lang#scala-library;2.10.6 {provided=[default(compile)]} => dependency: org.scala-lang#scala-library;2.10.4 {provided=[default(compile)]}
dependency descriptor has been mediated: dependency: org.scala-lang#scala-reflect;2.10.6 {provided=[default(compile)]} => dependency: org.scala-lang#scala-reflect;2.10.4 {provided=[default(compile)]}
dependency descriptor has been mediated: dependency: org.scala-lang#scala-library;2.10.6 {provided=[default(compile)]} => dependency: org.scala-lang#scala-library;2.10.4 {provided=[default(compile)]}
dependency descriptor has been mediated: dependency: org.scala-lang#scala-reflect;2.10.6 {provided=[default(compile)]} => dependency: org.scala-lang#scala-reflect;2.10.4 {provided=[default(compile)]}
dependency descriptor has been mediated: dependency: org.scala-lang#scala-compiler;2.10.4 {scala-tool=[default, optional(default)]} => dependency: org.scala-lang#scala-compiler;2.10.4 {scala-tool=[default, optional(default)]}
dependency descriptor has been mediated: sbt.ivyint.MergedDescriptors@60df97dc => sbt.ivyint.MergedDescriptors@6e96ca8a
[A[2K[info] Resolving com.typesafe.sbt#sbt-twirl;1.1.1 ...
Resolving com.typesafe.sbt#sbt-twirl;1.1.1 ...
sbt-chain: Checking cache for: dependency: com.typesafe.sbt#sbt-twirl;1.1.1 {compile=[default(compile)]}
sbt-chain: module revision found in cache: com.typesafe.sbt#sbt-twirl;1.1.1
	found com.typesafe.sbt#sbt-twirl;1.1.1 in sbt-chain
dependency descriptor has been mediated: dependency: org.scala-lang#scala-library;2.10.4 {provided=[default(compile)]} => dependency: org.scala-lang#scala-library;2.10.4 {provided=[default(compile)]}
== resolving dependencies com.typesafe.sbt#sbt-twirl;1.1.1->com.typesafe.play#twirl-compiler_2.10;1.1.1 [compile->default(compile)]
dependency descriptor has been mediated: dependency: org.scala-lang#scala-library;2.10.4 {provided=[default(compile)]} => dependency: org.scala-lang#scala-library;2.10.4 {provided=[default(compile)]}
dependency descriptor has been mediated: dependency: org.scala-lang#scala-library;2.10.4 {provided=[default(compile)]} => dependency: org.scala-lang#scala-library;2.10.4 {provided=[default(compile)]}
dependency descriptor has been mediated: dependency: org.scala-lang#scala-library;2.10.6 {provided=[default(compile)]} => dependency: org.scala-lang#scala-library;2.10.4 {provided=[default(compile)]}
dependency descriptor has been mediated: dependency: org.scala-lang#scala-reflect;2.10.6 {provided=[default(compile)]} => dependency: org.scala-lang#scala-reflect;2.10.4 {provided=[default(compile)]}
dependency descriptor has been mediated: dependency: org.scala-lang#scala-library;2.10.6 {provided=[default(compile)]} => dependency: org.scala-lang#scala-library;2.10.4 {provided=[default(compile)]}
dependency descriptor has been mediated: dependency: org.scala-lang#scala-reflect;2.10.6 {provided=[default(compile)]} => dependency: org.scala-lang#scala-reflect;2.10.4 {provided=[default(compile)]}
dependency descriptor has been mediated: dependency: org.scala-lang#scala-compiler;2.10.4 {scala-tool=[default, optional(default)]} => dependency: org.scala-lang#scala-compiler;2.10.4 {scala-tool=[default, optional(default)]}
dependency descriptor has been mediated: sbt.ivyint.MergedDescriptors@60df97dc => sbt.ivyint.MergedDescriptors@5d437c46
[A[2K[info] Resolving com.typesafe.play#twirl-compiler_2.10;1.1.1 ...
Resolving com.typesafe.play#twirl-compiler_2.10;1.1.1 ...
sbt-chain: Checking cache for: dependency: com.typesafe.play#twirl-compiler_2.10;1.1.1 {compile=[default(compile)]}
sbt-chain: module revision found in cache: com.typesafe.play#twirl-compiler_2.10;1.1.1
	found com.typesafe.play#twirl-compiler_2.10;1.1.1 in sbt-chain
== resolving dependencies com.typesafe.sbt#sbt-twirl;1.1.1->com.typesafe.play#twirl-compiler_2.10;1.1.1 [compile->runtime]
== resolving dependencies com.typesafe.sbt#sbt-twirl;1.1.1->com.typesafe.play#twirl-compiler_2.10;1.1.1 [compile->compile]
dependency descriptor has been mediated: dependency: org.scala-lang#scala-compiler;2.10.5 {compile=[compile(*), master(compile)], runtime=[runtime(*)]} => dependency: org.scala-lang#scala-compiler;2.10.4 {compile=[compile(*), master(compile)], runtime=[runtime(*)]}
dependency descriptor has been mediated: dependency: org.scala-lang#scala-library;2.10.5 {compile=[compile(*), master(compile)], runtime=[runtime(*)]} => dependency: org.scala-lang#scala-library;2.10.4 {compile=[compile(*), master(compile)], runtime=[runtime(*)]}
== resolving dependencies com.typesafe.play#twirl-compiler_2.10;1.1.1->org.scala-lang#scala-compiler;2.10.4 [compile->master(compile)]
dependency descriptor has been mediated: dependency: org.scala-lang#scala-compiler;2.10.5 {compile=[compile(*), master(compile)], runtime=[runtime(*)]} => dependency: org.scala-lang#scala-compiler;2.10.4 {compile=[compile(*), master(compile)], runtime=[runtime(*)]}
dependency descriptor has been mediated: dependency: org.scala-lang#scala-library;2.10.5 {compile=[compile(*), master(compile)], runtime=[runtime(*)]} => dependency: org.scala-lang#scala-library;2.10.4 {compile=[compile(*), master(compile)], runtime=[runtime(*)]}
dependency descriptor has been mediated: dependency: org.scala-lang#scala-compiler;2.10.5 {compile=[compile(*), master(compile)], runtime=[runtime(*)]} => dependency: org.scala-lang#scala-compiler;2.10.4 {compile=[compile(*), master(compile)], runtime=[runtime(*)]}
dependency descriptor has been mediated: dependency: org.scala-lang#scala-library;2.10.5 {compile=[compile(*), master(compile)], runtime=[runtime(*)]} => dependency: org.scala-lang#scala-library;2.10.4 {compile=[compile(*), master(compile)], runtime=[runtime(*)]}
dependency descriptor has been mediated: dependency: org.scala-lang#scala-compiler;2.10.5 {compile=[compile(*), master(compile)], runtime=[runtime(*)]} => dependency: org.scala-lang#scala-compiler;2.10.4 {compile=[compile(*), master(compile)], runtime=[runtime(*)]}
dependency descriptor has been mediated: dependency: org.scala-lang#scala-library;2.10.5 {compile=[compile(*), master(compile)], runtime=[runtime(*)]} => dependency: org.scala-lang#scala-library;2.10.4 {compile=[compile(*), master(compile)], runtime=[runtime(*)]}
dependency descriptor has been mediated: dependency: org.scala-lang#scala-compiler;2.10.5 {compile=[compile(*), master(compile)], runtime=[runtime(*)]} => dependency: org.scala-lang#scala-compiler;2.10.4 {compile=[compile(*), master(compile)], runtime=[runtime(*)]}
dependency descriptor has been mediated: dependency: org.scala-lang#scala-library;2.10.5 {compile=[compile(*), master(compile)], runtime=[runtime(*)]} => dependency: org.scala-lang#scala-library;2.10.4 {compile=[compile(*), master(compile)], runtime=[runtime(*)]}
dependency descriptor has been mediated: dependency: org.scala-lang#scala-compiler;2.10.5 {compile=[compile(*), master(compile)], runtime=[runtime(*)]} => dependency: org.scala-lang#scala-compiler;2.10.4 {compile=[compile(*), master(compile)], runtime=[runtime(*)]}
dependency descriptor has been mediated: dependency: org.scala-lang#scala-library;2.10.5 {compile=[compile(*), master(compile)], runtime=[runtime(*)]} => dependency: org.scala-lang#scala-library;2.10.4 {compile=[compile(*), master(compile)], runtime=[runtime(*)]}
dependency descriptor has been mediated: dependency: org.scala-lang#scala-library;2.10.4 {provided=[default(compile)]} => dependency: org.scala-lang#scala-library;2.10.4 {provided=[default(compile)]}
dependency descriptor has been mediated: dependency: org.scala-lang#scala-library;2.10.4 {provided=[default(compile)]} => dependency: org.scala-lang#scala-library;2.10.4 {provided=[default(compile)]}
dependency descriptor has been mediated: dependency: org.scala-lang#scala-library;2.10.6 {provided=[default(compile)]} => dependency: org.scala-lang#scala-library;2.10.4 {provided=[default(compile)]}
dependency descriptor has been mediated: dependency: org.scala-lang#scala-reflect;2.10.6 {provided=[default(compile)]} => dependency: org.scala-lang#scala-reflect;2.10.4 {provided=[default(compile)]}
dependency descriptor has been mediated: dependency: org.scala-lang#scala-library;2.10.6 {provided=[default(compile)]} => dependency: org.scala-lang#scala-library;2.10.4 {provided=[default(compile)]}
dependency descriptor has been mediated: dependency: org.scala-lang#scala-reflect;2.10.6 {provided=[default(compile)]} => dependency: org.scala-lang#scala-reflect;2.10.4 {provided=[default(compile)]}
dependency descriptor has been mediated: dependency: org.scala-lang#scala-compiler;2.10.4 {scala-tool=[default, optional(default)]} => dependency: org.scala-lang#scala-compiler;2.10.4 {scala-tool=[default, optional(default)]}
dependency descriptor has been mediated: sbt.ivyint.MergedDescriptors@60df97dc => sbt.ivyint.MergedDescriptors@eba53db
[A[2K[info] Resolving org.scala-lang#scala-compiler;2.10.4 ...
Resolving org.scala-lang#scala-compiler;2.10.4 ...
sbt-chain: Checking cache for: dependency: org.scala-lang#scala-compiler;2.10.4 {compile=[compile(*), master(compile)], runtime=[runtime(*)]}
sbt-chain: module revision found in cache: org.scala-lang#scala-compiler;2.10.4
	found org.scala-lang#scala-compiler;2.10.4 in sbt-chain
dependency descriptor has been mediated: dependency: org.scala-lang#scala-library;2.10.4 {compile=[compile(*), master(compile)], runtime=[runtime(*)]} => dependency: org.scala-lang#scala-library;2.10.4 {compile=[compile(*), master(compile)], runtime=[runtime(*)]}
dependency descriptor has been mediated: dependency: org.scala-lang#scala-reflect;2.10.4 {compile=[compile(*), master(compile)], runtime=[runtime(*)]} => dependency: org.scala-lang#scala-reflect;2.10.4 {compile=[compile(*), master(compile)], runtime=[runtime(*)]}
== resolving dependencies com.typesafe.play#twirl-compiler_2.10;1.1.1->org.scala-lang#scala-compiler;2.10.4 [compile->compile(*)]
dependency descriptor has been mediated: dependency: org.scala-lang#scala-library;2.10.4 {compile=[compile(*), master(compile)], runtime=[runtime(*)]} => dependency: org.scala-lang#scala-library;2.10.4 {compile=[compile(*), master(compile)], runtime=[runtime(*)]}
dependency descriptor has been mediated: dependency: org.scala-lang#scala-reflect;2.10.4 {compile=[compile(*), master(compile)], runtime=[runtime(*)]} => dependency: org.scala-lang#scala-reflect;2.10.4 {compile=[compile(*), master(compile)], runtime=[runtime(*)]}
== resolving dependencies org.scala-lang#scala-compiler;2.10.4->org.scala-lang#scala-library;2.10.4 [compile->master(compile)]
dependency descriptor has been mediated: dependency: org.scala-lang#scala-library;2.10.4 {compile=[compile(*), master(compile)], runtime=[runtime(*)]} => dependency: org.scala-lang#scala-library;2.10.4 {compile=[compile(*), master(compile)], runtime=[runtime(*)]}
dependency descriptor has been mediated: dependency: org.scala-lang#scala-reflect;2.10.4 {compile=[compile(*), master(compile)], runtime=[runtime(*)]} => dependency: org.scala-lang#scala-reflect;2.10.4 {compile=[compile(*), master(compile)], runtime=[runtime(*)]}
dependency descriptor has been mediated: dependency: org.scala-lang#scala-library;2.10.4 {compile=[compile(*), master(compile)], runtime=[runtime(*)]} => dependency: org.scala-lang#scala-library;2.10.4 {compile=[compile(*), master(compile)], runtime=[runtime(*)]}
dependency descriptor has been mediated: dependency: org.scala-lang#scala-reflect;2.10.4 {compile=[compile(*), master(compile)], runtime=[runtime(*)]} => dependency: org.scala-lang#scala-reflect;2.10.4 {compile=[compile(*), master(compile)], runtime=[runtime(*)]}
dependency descriptor has been mediated: dependency: org.scala-lang#scala-library;2.10.4 {compile=[compile(*), master(compile)], runtime=[runtime(*)]} => dependency: org.scala-lang#scala-library;2.10.4 {compile=[compile(*), master(compile)], runtime=[runtime(*)]}
dependency descriptor has been mediated: dependency: org.scala-lang#scala-reflect;2.10.4 {compile=[compile(*), master(compile)], runtime=[runtime(*)]} => dependency: org.scala-lang#scala-reflect;2.10.4 {compile=[compile(*), master(compile)], runtime=[runtime(*)]}
dependency descriptor has been mediated: dependency: org.scala-lang#scala-library;2.10.4 {compile=[compile(*), master(compile)], runtime=[runtime(*)]} => dependency: org.scala-lang#scala-library;2.10.4 {compile=[compile(*), master(compile)], runtime=[runtime(*)]}
dependency descriptor has been mediated: dependency: org.scala-lang#scala-reflect;2.10.4 {compile=[compile(*), master(compile)], runtime=[runtime(*)]} => dependency: org.scala-lang#scala-reflect;2.10.4 {compile=[compile(*), master(compile)], runtime=[runtime(*)]}
dependency descriptor has been mediated: dependency: org.scala-lang#scala-library;2.10.4 {compile=[compile(*), master(compile)], runtime=[runtime(*)]} => dependency: org.scala-lang#scala-library;2.10.4 {compile=[compile(*), master(compile)], runtime=[runtime(*)]}
dependency descriptor has been mediated: dependency: org.scala-lang#scala-reflect;2.10.4 {compile=[compile(*), master(compile)], runtime=[runtime(*)]} => dependency: org.scala-lang#scala-reflect;2.10.4 {compile=[compile(*), master(compile)], runtime=[runtime(*)]}
dependency descriptor has been mediated: dependency: org.scala-lang#scala-compiler;2.10.5 {compile=[compile(*), master(compile)], runtime=[runtime(*)]} => dependency: org.scala-lang#scala-compiler;2.10.4 {compile=[compile(*), master(compile)], runtime=[runtime(*)]}
dependency descriptor has been mediated: dependency: org.scala-lang#scala-library;2.10.5 {compile=[compile(*), master(compile)], runtime=[runtime(*)]} => dependency: org.scala-lang#scala-library;2.10.4 {compile=[compile(*), master(compile)], runtime=[runtime(*)]}
dependency descriptor has been mediated: dependency: org.scala-lang#scala-compiler;2.10.5 {compile=[compile(*), master(compile)], runtime=[runtime(*)]} => dependency: org.scala-lang#scala-compiler;2.10.4 {compile=[compile(*), master(compile)], runtime=[runtime(*)]}
dependency descriptor has been mediated: dependency: org.scala-lang#scala-library;2.10.5 {compile=[compile(*), master(compile)], runtime=[runtime(*)]} => dependency: org.scala-lang#scala-library;2.10.4 {compile=[compile(*), master(compile)], runtime=[runtime(*)]}
dependency descriptor has been mediated: dependency: org.scala-lang#scala-compiler;2.10.5 {compile=[compile(*), master(compile)], runtime=[runtime(*)]} => dependency: org.scala-lang#scala-compiler;2.10.4 {compile=[compile(*), master(compile)], runtime=[runtime(*)]}
dependency descriptor has been mediated: dependency: org.scala-lang#scala-library;2.10.5 {compile=[compile(*), master(compile)], runtime=[runtime(*)]} => dependency: org.scala-lang#scala-library;2.10.4 {compile=[compile(*), master(compile)], runtime=[runtime(*)]}
dependency descriptor has been mediated: dependency: org.scala-lang#scala-compiler;2.10.5 {compile=[compile(*), master(compile)], runtime=[runtime(*)]} => dependency: org.scala-lang#scala-compiler;2.10.4 {compile=[compile(*), master(compile)], runtime=[runtime(*)]}
dependency descriptor has been mediated: dependency: org.scala-lang#scala-library;2.10.5 {compile=[compile(*), master(compile)], runtime=[runtime(*)]} => dependency: org.scala-lang#scala-library;2.10.4 {compile=[compile(*), master(compile)], runtime=[runtime(*)]}
dependency descriptor has been mediated: dependency: org.scala-lang#scala-compiler;2.10.5 {compile=[compile(*), master(compile)], runtime=[runtime(*)]} => dependency: org.scala-lang#scala-compiler;2.10.4 {compile=[compile(*), master(compile)], runtime=[runtime(*)]}
dependency descriptor has been mediated: dependency: org.scala-lang#scala-library;2.10.5 {compile=[compile(*), master(compile)], runtime=[runtime(*)]} => dependency: org.scala-lang#scala-library;2.10.4 {compile=[compile(*), master(compile)], runtime=[runtime(*)]}
dependency descriptor has been mediated: dependency: org.scala-lang#scala-library;2.10.4 {provided=[default(compile)]} => dependency: org.scala-lang#scala-library;2.10.4 {provided=[default(compile)]}
dependency descriptor has been mediated: dependency: org.scala-lang#scala-library;2.10.4 {provided=[default(compile)]} => dependency: org.scala-lang#scala-library;2.10.4 {provided=[default(compile)]}
== resolving dependencies org.scala-lang#scala-compiler;2.10.4->org.scala-lang#scala-library;2.10.4 [compile->compile(*)]
== resolving dependencies org.scala-lang#scala-compiler;2.10.4->org.scala-lang#scala-reflect;2.10.4 [compile->master(compile)]
dependency descriptor has been mediated: dependency: org.scala-lang#scala-library;2.10.4 {compile=[compile(*), master(compile)], runtime=[runtime(*)]} => dependency: org.scala-lang#scala-library;2.10.4 {compile=[compile(*), master(compile)], runtime=[runtime(*)]}
dependency descriptor has been mediated: dependency: org.scala-lang#scala-reflect;2.10.4 {compile=[compile(*), master(compile)], runtime=[runtime(*)]} => dependency: org.scala-lang#scala-reflect;2.10.4 {compile=[compile(*), master(compile)], runtime=[runtime(*)]}
dependency descriptor has been mediated: dependency: org.scala-lang#scala-library;2.10.4 {compile=[compile(*), master(compile)], runtime=[runtime(*)]} => dependency: org.scala-lang#scala-library;2.10.4 {compile=[compile(*), master(compile)], runtime=[runtime(*)]}
dependency descriptor has been mediated: dependency: org.scala-lang#scala-reflect;2.10.4 {compile=[compile(*), master(compile)], runtime=[runtime(*)]} => dependency: org.scala-lang#scala-reflect;2.10.4 {compile=[compile(*), master(compile)], runtime=[runtime(*)]}
dependency descriptor has been mediated: dependency: org.scala-lang#scala-library;2.10.4 {compile=[compile(*), master(compile)], runtime=[runtime(*)]} => dependency: org.scala-lang#scala-library;2.10.4 {compile=[compile(*), master(compile)], runtime=[runtime(*)]}
dependency descriptor has been mediated: dependency: org.scala-lang#scala-reflect;2.10.4 {compile=[compile(*), master(compile)], runtime=[runtime(*)]} => dependency: org.scala-lang#scala-reflect;2.10.4 {compile=[compile(*), master(compile)], runtime=[runtime(*)]}
dependency descriptor has been mediated: dependency: org.scala-lang#scala-library;2.10.4 {compile=[compile(*), master(compile)], runtime=[runtime(*)]} => dependency: org.scala-lang#scala-library;2.10.4 {compile=[compile(*), master(compile)], runtime=[runtime(*)]}
dependency descriptor has been mediated: dependency: org.scala-lang#scala-reflect;2.10.4 {compile=[compile(*), master(compile)], runtime=[runtime(*)]} => dependency: org.scala-lang#scala-reflect;2.10.4 {compile=[compile(*), master(compile)], runtime=[runtime(*)]}
dependency descriptor has been mediated: dependency: org.scala-lang#scala-library;2.10.4 {compile=[compile(*), master(compile)], runtime=[runtime(*)]} => dependency: org.scala-lang#scala-library;2.10.4 {compile=[compile(*), master(compile)], runtime=[runtime(*)]}
dependency descriptor has been mediated: dependency: org.scala-lang#scala-reflect;2.10.4 {compile=[compile(*), master(compile)], runtime=[runtime(*)]} => dependency: org.scala-lang#scala-reflect;2.10.4 {compile=[compile(*), master(compile)], runtime=[runtime(*)]}
dependency descriptor has been mediated: dependency: org.scala-lang#scala-compiler;2.10.5 {compile=[compile(*), master(compile)], runtime=[runtime(*)]} => dependency: org.scala-lang#scala-compiler;2.10.4 {compile=[compile(*), master(compile)], runtime=[runtime(*)]}
dependency descriptor has been mediated: dependency: org.scala-lang#scala-library;2.10.5 {compile=[compile(*), master(compile)], runtime=[runtime(*)]} => dependency: org.scala-lang#scala-library;2.10.4 {compile=[compile(*), master(compile)], runtime=[runtime(*)]}
dependency descriptor has been mediated: dependency: org.scala-lang#scala-compiler;2.10.5 {compile=[compile(*), master(compile)], runtime=[runtime(*)]} => dependency: org.scala-lang#scala-compiler;2.10.4 {compile=[compile(*), master(compile)], runtime=[runtime(*)]}
dependency descriptor has been mediated: dependency: org.scala-lang#scala-library;2.10.5 {compile=[compile(*), master(compile)], runtime=[runtime(*)]} => dependency: org.scala-lang#scala-library;2.10.4 {compile=[compile(*), master(compile)], runtime=[runtime(*)]}
dependency descriptor has been mediated: dependency: org.scala-lang#scala-compiler;2.10.5 {compile=[compile(*), master(compile)], runtime=[runtime(*)]} => dependency: org.scala-lang#scala-compiler;2.10.4 {compile=[compile(*), master(compile)], runtime=[runtime(*)]}
dependency descriptor has been mediated: dependency: org.scala-lang#scala-library;2.10.5 {compile=[compile(*), master(compile)], runtime=[runtime(*)]} => dependency: org.scala-lang#scala-library;2.10.4 {compile=[compile(*), master(compile)], runtime=[runtime(*)]}
dependency descriptor has been mediated: dependency: org.scala-lang#scala-compiler;2.10.5 {compile=[compile(*), master(compile)], runtime=[runtime(*)]} => dependency: org.scala-lang#scala-compiler;2.10.4 {compile=[compile(*), master(compile)], runtime=[runtime(*)]}
dependency descriptor has been mediated: dependency: org.scala-lang#scala-library;2.10.5 {compile=[compile(*), master(compile)], runtime=[runtime(*)]} => dependency: org.scala-lang#scala-library;2.10.4 {compile=[compile(*), master(compile)], runtime=[runtime(*)]}
dependency descriptor has been mediated: dependency: org.scala-lang#scala-compiler;2.10.5 {compile=[compile(*), master(compile)], runtime=[runtime(*)]} => dependency: org.scala-lang#scala-compiler;2.10.4 {compile=[compile(*), master(compile)], runtime=[runtime(*)]}
dependency descriptor has been mediated: dependency: org.scala-lang#scala-library;2.10.5 {compile=[compile(*), master(compile)], runtime=[runtime(*)]} => dependency: org.scala-lang#scala-library;2.10.4 {compile=[compile(*), master(compile)], runtime=[runtime(*)]}
dependency descriptor has been mediated: dependency: org.scala-lang#scala-library;2.10.4 {provided=[default(compile)]} => dependency: org.scala-lang#scala-library;2.10.4 {provided=[default(compile)]}
dependency descriptor has been mediated: dependency: org.scala-lang#scala-library;2.10.4 {provided=[default(compile)]} => dependency: org.scala-lang#scala-library;2.10.4 {provided=[default(compile)]}
dependency descriptor has been mediated: dependency: org.scala-lang#scala-library;2.10.6 {provided=[default(compile)]} => dependency: org.scala-lang#scala-library;2.10.4 {provided=[default(compile)]}
dependency descriptor has been mediated: dependency: org.scala-lang#scala-reflect;2.10.6 {provided=[default(compile)]} => dependency: org.scala-lang#scala-reflect;2.10.4 {provided=[default(compile)]}
dependency descriptor has been mediated: dependency: org.scala-lang#scala-library;2.10.6 {provided=[default(compile)]} => dependency: org.scala-lang#scala-library;2.10.4 {provided=[default(compile)]}
dependency descriptor has been mediated: dependency: org.scala-lang#scala-reflect;2.10.6 {provided=[default(compile)]} => dependency: org.scala-lang#scala-reflect;2.10.4 {provided=[default(compile)]}
dependency descriptor has been mediated: dependency: org.scala-lang#scala-compiler;2.10.4 {scala-tool=[default, optional(default)]} => dependency: org.scala-lang#scala-compiler;2.10.4 {scala-tool=[default, optional(default)]}
dependency descriptor has been mediated: sbt.ivyint.MergedDescriptors@60df97dc => sbt.ivyint.MergedDescriptors@349617d4
[A[2K[info] Resolving org.scala-lang#scala-reflect;2.10.4 ...
Resolving org.scala-lang#scala-reflect;2.10.4 ...
sbt-chain: Checking cache for: dependency: org.scala-lang#scala-reflect;2.10.4 {compile=[compile(*), master(compile)], runtime=[runtime(*)]}
sbt-chain: module revision found in cache: org.scala-lang#scala-reflect;2.10.4
	found org.scala-lang#scala-reflect;2.10.4 in sbt-chain
	[2.10.4] org.scala-lang#scala-reflect;2.10.4
dependency descriptor has been mediated: dependency: org.scala-lang#scala-library;2.10.4 {compile=[compile(*), master(compile)], runtime=[runtime(*)]} => dependency: org.scala-lang#scala-library;2.10.4 {compile=[compile(*), master(compile)], runtime=[runtime(*)]}
== resolving dependencies org.scala-lang#scala-compiler;2.10.4->org.scala-lang#scala-reflect;2.10.4 [compile->compile(*)]
dependency descriptor has been mediated: dependency: org.scala-lang#scala-library;2.10.4 {compile=[compile(*), master(compile)], runtime=[runtime(*)]} => dependency: org.scala-lang#scala-library;2.10.4 {compile=[compile(*), master(compile)], runtime=[runtime(*)]}
== resolving dependencies org.scala-lang#scala-reflect;2.10.4->org.scala-lang#scala-library;2.10.4 [compile->master(compile)]
dependency descriptor has been mediated: dependency: org.scala-lang#scala-library;2.10.4 {compile=[compile(*), master(compile)], runtime=[runtime(*)]} => dependency: org.scala-lang#scala-library;2.10.4 {compile=[compile(*), master(compile)], runtime=[runtime(*)]}
dependency descriptor has been mediated: dependency: org.scala-lang#scala-library;2.10.4 {compile=[compile(*), master(compile)], runtime=[runtime(*)]} => dependency: org.scala-lang#scala-library;2.10.4 {compile=[compile(*), master(compile)], runtime=[runtime(*)]}
dependency descriptor has been mediated: dependency: org.scala-lang#scala-library;2.10.4 {compile=[compile(*), master(compile)], runtime=[runtime(*)]} => dependency: org.scala-lang#scala-library;2.10.4 {compile=[compile(*), master(compile)], runtime=[runtime(*)]}
dependency descriptor has been mediated: dependency: org.scala-lang#scala-library;2.10.4 {compile=[compile(*), master(compile)], runtime=[runtime(*)]} => dependency: org.scala-lang#scala-library;2.10.4 {compile=[compile(*), master(compile)], runtime=[runtime(*)]}
== resolving dependencies org.scala-lang#scala-reflect;2.10.4->org.scala-lang#scala-library;2.10.4 [compile->compile(*)]
== resolving dependencies com.typesafe.play#twirl-compiler_2.10;1.1.1->org.scala-lang#scala-compiler;2.10.4 [compile->runtime(*)]
== resolving dependencies com.typesafe.play#twirl-compiler_2.10;1.1.1->org.scala-lang#scala-compiler;2.10.4 [compile->compile]
dependency descriptor has been mediated: dependency: org.scala-lang#scala-library;2.10.4 {compile=[compile(*), master(compile)], runtime=[runtime(*)]} => dependency: org.scala-lang#scala-library;2.10.4 {compile=[compile(*), master(compile)], runtime=[runtime(*)]}
dependency descriptor has been mediated: dependency: org.scala-lang#scala-reflect;2.10.4 {compile=[compile(*), master(compile)], runtime=[runtime(*)]} => dependency: org.scala-lang#scala-reflect;2.10.4 {compile=[compile(*), master(compile)], runtime=[runtime(*)]}
== resolving dependencies org.scala-lang#scala-compiler;2.10.4->org.scala-lang#scala-library;2.10.4 [runtime->runtime(*)]
== resolving dependencies org.scala-lang#scala-compiler;2.10.4->org.scala-lang#scala-library;2.10.4 [runtime->compile]
== resolving dependencies org.scala-lang#scala-compiler;2.10.4->org.scala-lang#scala-reflect;2.10.4 [runtime->runtime(*)]
== resolving dependencies org.scala-lang#scala-compiler;2.10.4->org.scala-lang#scala-reflect;2.10.4 [runtime->compile]
dependency descriptor has been mediated: dependency: org.scala-lang#scala-library;2.10.4 {compile=[compile(*), master(compile)], runtime=[runtime(*)]} => dependency: org.scala-lang#scala-library;2.10.4 {compile=[compile(*), master(compile)], runtime=[runtime(*)]}
== resolving dependencies org.scala-lang#scala-reflect;2.10.4->org.scala-lang#scala-library;2.10.4 [runtime->runtime(*)]
== resolving dependencies org.scala-lang#scala-reflect;2.10.4->org.scala-lang#scala-library;2.10.4 [runtime->compile]
== resolving dependencies com.typesafe.play#twirl-compiler_2.10;1.1.1->org.scala-lang#scala-library;2.10.4 [compile->master(compile)]
== resolving dependencies com.typesafe.play#twirl-compiler_2.10;1.1.1->org.scala-lang#scala-library;2.10.4 [compile->compile(*)]
== resolving dependencies com.typesafe.play#twirl-compiler_2.10;1.1.1->com.typesafe.play#twirl-api_2.10;1.1.1 [compile->master(compile)]
dependency descriptor has been mediated: dependency: org.scala-lang#scala-compiler;2.10.5 {compile=[compile(*), master(compile)], runtime=[runtime(*)]} => dependency: org.scala-lang#scala-compiler;2.10.4 {compile=[compile(*), master(compile)], runtime=[runtime(*)]}
dependency descriptor has been mediated: dependency: org.scala-lang#scala-library;2.10.5 {compile=[compile(*), master(compile)], runtime=[runtime(*)]} => dependency: org.scala-lang#scala-library;2.10.4 {compile=[compile(*), master(compile)], runtime=[runtime(*)]}
dependency descriptor has been mediated: dependency: org.scala-lang#scala-compiler;2.10.5 {compile=[compile(*), master(compile)], runtime=[runtime(*)]} => dependency: org.scala-lang#scala-compiler;2.10.4 {compile=[compile(*), master(compile)], runtime=[runtime(*)]}
dependency descriptor has been mediated: dependency: org.scala-lang#scala-library;2.10.5 {compile=[compile(*), master(compile)], runtime=[runtime(*)]} => dependency: org.scala-lang#scala-library;2.10.4 {compile=[compile(*), master(compile)], runtime=[runtime(*)]}
dependency descriptor has been mediated: dependency: org.scala-lang#scala-compiler;2.10.5 {compile=[compile(*), master(compile)], runtime=[runtime(*)]} => dependency: org.scala-lang#scala-compiler;2.10.4 {compile=[compile(*), master(compile)], runtime=[runtime(*)]}
dependency descriptor has been mediated: dependency: org.scala-lang#scala-library;2.10.5 {compile=[compile(*), master(compile)], runtime=[runtime(*)]} => dependency: org.scala-lang#scala-library;2.10.4 {compile=[compile(*), master(compile)], runtime=[runtime(*)]}
dependency descriptor has been mediated: dependency: org.scala-lang#scala-compiler;2.10.5 {compile=[compile(*), master(compile)], runtime=[runtime(*)]} => dependency: org.scala-lang#scala-compiler;2.10.4 {compile=[compile(*), master(compile)], runtime=[runtime(*)]}
dependency descriptor has been mediated: dependency: org.scala-lang#scala-library;2.10.5 {compile=[compile(*), master(compile)], runtime=[runtime(*)]} => dependency: org.scala-lang#scala-library;2.10.4 {compile=[compile(*), master(compile)], runtime=[runtime(*)]}
dependency descriptor has been mediated: dependency: org.scala-lang#scala-compiler;2.10.5 {compile=[compile(*), master(compile)], runtime=[runtime(*)]} => dependency: org.scala-lang#scala-compiler;2.10.4 {compile=[compile(*), master(compile)], runtime=[runtime(*)]}
dependency descriptor has been mediated: dependency: org.scala-lang#scala-library;2.10.5 {compile=[compile(*), master(compile)], runtime=[runtime(*)]} => dependency: org.scala-lang#scala-library;2.10.4 {compile=[compile(*), master(compile)], runtime=[runtime(*)]}
dependency descriptor has been mediated: dependency: org.scala-lang#scala-library;2.10.4 {provided=[default(compile)]} => dependency: org.scala-lang#scala-library;2.10.4 {provided=[default(compile)]}
dependency descriptor has been mediated: dependency: org.scala-lang#scala-library;2.10.4 {provided=[default(compile)]} => dependency: org.scala-lang#scala-library;2.10.4 {provided=[default(compile)]}
== resolving dependencies com.typesafe.play#twirl-compiler_2.10;1.1.1->com.typesafe.play#twirl-api_2.10;1.1.1 [compile->compile(*)]
== resolving dependencies com.typesafe.play#twirl-compiler_2.10;1.1.1->com.typesafe.play#twirl-parser_2.10;1.1.1 [compile->master(compile)]
dependency descriptor has been mediated: dependency: org.scala-lang#scala-compiler;2.10.5 {compile=[compile(*), master(compile)], runtime=[runtime(*)]} => dependency: org.scala-lang#scala-compiler;2.10.4 {compile=[compile(*), master(compile)], runtime=[runtime(*)]}
dependency descriptor has been mediated: dependency: org.scala-lang#scala-library;2.10.5 {compile=[compile(*), master(compile)], runtime=[runtime(*)]} => dependency: org.scala-lang#scala-library;2.10.4 {compile=[compile(*), master(compile)], runtime=[runtime(*)]}
dependency descriptor has been mediated: dependency: org.scala-lang#scala-compiler;2.10.5 {compile=[compile(*), master(compile)], runtime=[runtime(*)]} => dependency: org.scala-lang#scala-compiler;2.10.4 {compile=[compile(*), master(compile)], runtime=[runtime(*)]}
dependency descriptor has been mediated: dependency: org.scala-lang#scala-library;2.10.5 {compile=[compile(*), master(compile)], runtime=[runtime(*)]} => dependency: org.scala-lang#scala-library;2.10.4 {compile=[compile(*), master(compile)], runtime=[runtime(*)]}
dependency descriptor has been mediated: dependency: org.scala-lang#scala-compiler;2.10.5 {compile=[compile(*), master(compile)], runtime=[runtime(*)]} => dependency: org.scala-lang#scala-compiler;2.10.4 {compile=[compile(*), master(compile)], runtime=[runtime(*)]}
dependency descriptor has been mediated: dependency: org.scala-lang#scala-library;2.10.5 {compile=[compile(*), master(compile)], runtime=[runtime(*)]} => dependency: org.scala-lang#scala-library;2.10.4 {compile=[compile(*), master(compile)], runtime=[runtime(*)]}
dependency descriptor has been mediated: dependency: org.scala-lang#scala-compiler;2.10.5 {compile=[compile(*), master(compile)], runtime=[runtime(*)]} => dependency: org.scala-lang#scala-compiler;2.10.4 {compile=[compile(*), master(compile)], runtime=[runtime(*)]}
dependency descriptor has been mediated: dependency: org.scala-lang#scala-library;2.10.5 {compile=[compile(*), master(compile)], runtime=[runtime(*)]} => dependency: org.scala-lang#scala-library;2.10.4 {compile=[compile(*), master(compile)], runtime=[runtime(*)]}
dependency descriptor has been mediated: dependency: org.scala-lang#scala-compiler;2.10.5 {compile=[compile(*), master(compile)], runtime=[runtime(*)]} => dependency: org.scala-lang#scala-compiler;2.10.4 {compile=[compile(*), master(compile)], runtime=[runtime(*)]}
dependency descriptor has been mediated: dependency: org.scala-lang#scala-library;2.10.5 {compile=[compile(*), master(compile)], runtime=[runtime(*)]} => dependency: org.scala-lang#scala-library;2.10.4 {compile=[compile(*), master(compile)], runtime=[runtime(*)]}
dependency descriptor has been mediated: dependency: org.scala-lang#scala-library;2.10.4 {provided=[default(compile)]} => dependency: org.scala-lang#scala-library;2.10.4 {provided=[default(compile)]}
dependency descriptor has been mediated: dependency: org.scala-lang#scala-library;2.10.4 {provided=[default(compile)]} => dependency: org.scala-lang#scala-library;2.10.4 {provided=[default(compile)]}
dependency descriptor has been mediated: dependency: org.scala-lang#scala-library;2.10.6 {provided=[default(compile)]} => dependency: org.scala-lang#scala-library;2.10.4 {provided=[default(compile)]}
dependency descriptor has been mediated: dependency: org.scala-lang#scala-reflect;2.10.6 {provided=[default(compile)]} => dependency: org.scala-lang#scala-reflect;2.10.4 {provided=[default(compile)]}
dependency descriptor has been mediated: dependency: org.scala-lang#scala-library;2.10.6 {provided=[default(compile)]} => dependency: org.scala-lang#scala-library;2.10.4 {provided=[default(compile)]}
dependency descriptor has been mediated: dependency: org.scala-lang#scala-reflect;2.10.6 {provided=[default(compile)]} => dependency: org.scala-lang#scala-reflect;2.10.4 {provided=[default(compile)]}
dependency descriptor has been mediated: dependency: org.scala-lang#scala-compiler;2.10.4 {scala-tool=[default, optional(default)]} => dependency: org.scala-lang#scala-compiler;2.10.4 {scala-tool=[default, optional(default)]}
dependency descriptor has been mediated: sbt.ivyint.MergedDescriptors@60df97dc => sbt.ivyint.MergedDescriptors@677406e
[A[2K[info] Resolving com.typesafe.play#twirl-parser_2.10;1.1.1 ...
Resolving com.typesafe.play#twirl-parser_2.10;1.1.1 ...
sbt-chain: Checking cache for: dependency: com.typesafe.play#twirl-parser_2.10;1.1.1 {compile=[compile(*), master(compile)], runtime=[runtime(*)]}
sbt-chain: module revision found in cache: com.typesafe.play#twirl-parser_2.10;1.1.1
	found com.typesafe.play#twirl-parser_2.10;1.1.1 in sbt-chain
dependency descriptor has been mediated: dependency: org.scala-lang#scala-library;2.10.5 {compile=[compile(*), master(compile)], runtime=[runtime(*)]} => dependency: org.scala-lang#scala-library;2.10.4 {compile=[compile(*), master(compile)], runtime=[runtime(*)]}
== resolving dependencies com.typesafe.play#twirl-compiler_2.10;1.1.1->com.typesafe.play#twirl-parser_2.10;1.1.1 [compile->compile(*)]
dependency descriptor has been mediated: dependency: org.scala-lang#scala-library;2.10.5 {compile=[compile(*), master(compile)], runtime=[runtime(*)]} => dependency: org.scala-lang#scala-library;2.10.4 {compile=[compile(*), master(compile)], runtime=[runtime(*)]}
== resolving dependencies com.typesafe.play#twirl-parser_2.10;1.1.1->org.scala-lang#scala-library;2.10.4 [compile->master(compile)]
dependency descriptor has been mediated: dependency: org.scala-lang#scala-library;2.10.5 {compile=[compile(*), master(compile)], runtime=[runtime(*)]} => dependency: org.scala-lang#scala-library;2.10.4 {compile=[compile(*), master(compile)], runtime=[runtime(*)]}
dependency descriptor has been mediated: dependency: org.scala-lang#scala-library;2.10.5 {compile=[compile(*), master(compile)], runtime=[runtime(*)]} => dependency: org.scala-lang#scala-library;2.10.4 {compile=[compile(*), master(compile)], runtime=[runtime(*)]}
dependency descriptor has been mediated: dependency: org.scala-lang#scala-library;2.10.5 {compile=[compile(*), master(compile)], runtime=[runtime(*)]} => dependency: org.scala-lang#scala-library;2.10.4 {compile=[compile(*), master(compile)], runtime=[runtime(*)]}
dependency descriptor has been mediated: dependency: org.scala-lang#scala-library;2.10.5 {compile=[compile(*), master(compile)], runtime=[runtime(*)]} => dependency: org.scala-lang#scala-library;2.10.4 {compile=[compile(*), master(compile)], runtime=[runtime(*)]}
dependency descriptor has been mediated: dependency: org.scala-lang#scala-library;2.10.5 {compile=[compile(*), master(compile)], runtime=[runtime(*)]} => dependency: org.scala-lang#scala-library;2.10.4 {compile=[compile(*), master(compile)], runtime=[runtime(*)]}
== resolving dependencies com.typesafe.play#twirl-parser_2.10;1.1.1->org.scala-lang#scala-library;2.10.4 [compile->compile(*)]
== resolving dependencies com.typesafe.play#twirl-compiler_2.10;1.1.1->com.typesafe.play#twirl-parser_2.10;1.1.1 [compile->runtime(*)]
== resolving dependencies com.typesafe.play#twirl-compiler_2.10;1.1.1->com.typesafe.play#twirl-parser_2.10;1.1.1 [compile->compile]
dependency descriptor has been mediated: dependency: org.scala-lang#scala-library;2.10.5 {compile=[compile(*), master(compile)], runtime=[runtime(*)]} => dependency: org.scala-lang#scala-library;2.10.4 {compile=[compile(*), master(compile)], runtime=[runtime(*)]}
== resolving dependencies com.typesafe.play#twirl-parser_2.10;1.1.1->org.scala-lang#scala-library;2.10.4 [runtime->runtime(*)]
== resolving dependencies com.typesafe.play#twirl-parser_2.10;1.1.1->org.scala-lang#scala-library;2.10.4 [runtime->compile]
dependency descriptor has been mediated: dependency: org.scala-lang#scala-compiler;2.10.5 {compile=[compile(*), master(compile)], runtime=[runtime(*)]} => dependency: org.scala-lang#scala-compiler;2.10.4 {compile=[compile(*), master(compile)], runtime=[runtime(*)]}
dependency descriptor has been mediated: dependency: org.scala-lang#scala-library;2.10.5 {compile=[compile(*), master(compile)], runtime=[runtime(*)]} => dependency: org.scala-lang#scala-library;2.10.4 {compile=[compile(*), master(compile)], runtime=[runtime(*)]}
== resolving dependencies com.typesafe.play#twirl-compiler_2.10;1.1.1->org.scala-lang#scala-compiler;2.10.4 [runtime->runtime(*)]
== resolving dependencies com.typesafe.play#twirl-compiler_2.10;1.1.1->org.scala-lang#scala-compiler;2.10.4 [runtime->compile]
== resolving dependencies com.typesafe.play#twirl-compiler_2.10;1.1.1->org.scala-lang#scala-library;2.10.4 [runtime->runtime(*)]
== resolving dependencies com.typesafe.play#twirl-compiler_2.10;1.1.1->org.scala-lang#scala-library;2.10.4 [runtime->compile]
== resolving dependencies com.typesafe.play#twirl-compiler_2.10;1.1.1->com.typesafe.play#twirl-api_2.10;1.1.1 [runtime->runtime(*)]
== resolving dependencies com.typesafe.play#twirl-compiler_2.10;1.1.1->com.typesafe.play#twirl-api_2.10;1.1.1 [runtime->compile]
== resolving dependencies com.typesafe.play#twirl-compiler_2.10;1.1.1->com.typesafe.play#twirl-parser_2.10;1.1.1 [runtime->runtime(*)]
== resolving dependencies com.typesafe.play#twirl-compiler_2.10;1.1.1->com.typesafe.play#twirl-parser_2.10;1.1.1 [runtime->compile]
== resolving dependencies com.typesafe.sbt#sbt-twirl;1.1.1->com.typesafe.play#twirl-compiler_2.10;1.1.1 [compile->master]
dependency descriptor has been mediated: dependency: org.scala-lang#scala-compiler;2.10.5 {compile=[compile(*), master(compile)], runtime=[runtime(*)]} => dependency: org.scala-lang#scala-compiler;2.10.4 {compile=[compile(*), master(compile)], runtime=[runtime(*)]}
dependency descriptor has been mediated: dependency: org.scala-lang#scala-library;2.10.5 {compile=[compile(*), master(compile)], runtime=[runtime(*)]} => dependency: org.scala-lang#scala-library;2.10.4 {compile=[compile(*), master(compile)], runtime=[runtime(*)]}
dependency descriptor has been mediated: dependency: org.scala-lang#scala-compiler;2.10.5 {compile=[compile(*), master(compile)], runtime=[runtime(*)]} => dependency: org.scala-lang#scala-compiler;2.10.4 {compile=[compile(*), master(compile)], runtime=[runtime(*)]}
dependency descriptor has been mediated: dependency: org.scala-lang#scala-library;2.10.5 {compile=[compile(*), master(compile)], runtime=[runtime(*)]} => dependency: org.scala-lang#scala-library;2.10.4 {compile=[compile(*), master(compile)], runtime=[runtime(*)]}
== resolving dependencies com.typesafe.play#sbt-plugin;2.5.3->com.typesafe.sbt#sbt-native-packager;1.0.3 [compile->default(compile)]
dependency descriptor has been mediated: dependency: org.scala-lang#scala-library;2.10.6 {provided=[default(compile)]} => dependency: org.scala-lang#scala-library;2.10.4 {provided=[default(compile)]}
dependency descriptor has been mediated: dependency: org.scala-lang#scala-reflect;2.10.6 {provided=[default(compile)]} => dependency: org.scala-lang#scala-reflect;2.10.4 {provided=[default(compile)]}
dependency descriptor has been mediated: dependency: org.scala-lang#scala-library;2.10.6 {provided=[default(compile)]} => dependency: org.scala-lang#scala-library;2.10.4 {provided=[default(compile)]}
dependency descriptor has been mediated: dependency: org.scala-lang#scala-reflect;2.10.6 {provided=[default(compile)]} => dependency: org.scala-lang#scala-reflect;2.10.4 {provided=[default(compile)]}
dependency descriptor has been mediated: dependency: org.scala-lang#scala-compiler;2.10.4 {scala-tool=[default, optional(default)]} => dependency: org.scala-lang#scala-compiler;2.10.4 {scala-tool=[default, optional(default)]}
dependency descriptor has been mediated: sbt.ivyint.MergedDescriptors@60df97dc => sbt.ivyint.MergedDescriptors@7ae033cf
[A[2K[info] Resolving com.typesafe.sbt#sbt-native-packager;1.0.3 ...
Resolving com.typesafe.sbt#sbt-native-packager;1.0.3 ...
sbt-chain: Checking cache for: dependency: com.typesafe.sbt#sbt-native-packager;1.0.3 {compile=[default(compile)]}
[A[2K[info] Resolving com.typesafe.sbt#sbt-native-packager;1.0.3 ...
Resolving com.typesafe.sbt#sbt-native-packager;1.0.3 ...
sbt-chain-delegate: Checking cache for: dependency: com.typesafe.sbt#sbt-native-packager;1.0.3 {compile=[default(compile)]}
		tried https://repo.typesafe.com/typesafe/ivy-releases/com.typesafe.sbt/sbt-native-packager/scala_2.10/sbt_0.13/1.0.3/ivys/ivy.xml
